[+] Containers:
 |- [+] Container: /Game/ThirdPerson/Maps/ThirdPersonMap
 |   |- [+] ActorDescs:
 |   |   |- Guid:0651F1CB431CC83B48CEFBB6AB4B06B4 BaseClass: NativeClass:/Script/Engine.StaticMeshActor Name:StaticMeshActor_UAID_181DEA3371E18C9002_1736196219 Label:Box6 SpatiallyLoaded:1 Bounds:IsValid=true, Min=(X=-2120.000 Y=-36120.000 Z=100.000), Max=(X=-1120.000 Y=-35420.000 Z=600.000) RuntimeGrid:None EditorOnly:0 RuntimeOnly:0 HLODRelevant:0
 |   |   |- Guid:0A9E30E2474E126D9C37F7BC9BAEB934 BaseClass: NativeClass:/Script/Landscape.LandscapeStreamingProxy Name:LandscapeStreamingProxy_9JUR0JFLATO5D7KAT7QSOLM0W_124_-1_-1_0 Label:LandscapeStreamingProxy_-1_-1_0 SpatiallyLoaded:1 Bounds:IsValid=true, Min=(X=-37200.000 Y=-36760.000 Z=100.000), Max=(X=-37200.000 Y=-36760.000 Z=100.000) RuntimeGrid:None EditorOnly:0 RuntimeOnly:0 HLODRelevant:0
 |   |   |- Guid:0B9B730245BC9FA1A1AA129B0A4D6BD7 BaseClass: NativeClass:/Script/Landscape.LandscapeStreamingProxy Name:LandscapeStreamingProxy_9JUR0JFLATO5D7KAT7QSOLM0W_124_1_-2_0 Label:LandscapeStreamingProxy_1_-2_0 SpatiallyLoaded:1 Bounds:IsValid=true, Min=(X=-12400.000 Y=-49160.000 Z=0.000), Max=(X=0.000 Y=-36760.000 Z=3165.625) RuntimeGrid:None EditorOnly:0 RuntimeOnly:0 HLODRelevant:1
 |   |   |- Guid:0D149B454162964F1A311ABE892240AC BaseClass: NativeClass:/Script/Landscape.LandscapeStreamingProxy Name:LandscapeStreamingProxy_9JUR0JFLATO5D7KAT7QSOLM0W_124_3_1_0 Label:LandscapeStreamingProxy_3_1_0 SpatiallyLoaded:1 Bounds:IsValid=true, Min=(X=12400.000 Y=-11960.000 Z=23.438), Max=(X=24800.000 Y=440.000 Z=6189.844) RuntimeGrid:None EditorOnly:0 RuntimeOnly:0 HLODRelevant:1
 |   |   |- Guid:1855DF16422978AFCA753C8200C32370 BaseClass: NativeClass:/Script/Landscape.LandscapeStreamingProxy Name:LandscapeStreamingProxy_9JUR0JFLATO5D7KAT7QSOLM0W_124_0_-1_0 Label:LandscapeStreamingProxy_0_-1_0 SpatiallyLoaded:1 Bounds:IsValid=true, Min=(X=-24800.000 Y=-36760.000 Z=100.000), Max=(X=-12400.000 Y=-24360.000 Z=7990.625) RuntimeGrid:None EditorOnly:0 RuntimeOnly:0 HLODRelevant:1
 |   |   |- Guid:18A093C04E33F1503D5FC09171723024 BaseClass: NativeClass:/Script/Engine.StaticMeshActor Name:StaticMeshActor_UAID_181DEA3371E18F9002_1172673764 Label:CubeGridToolOutput2 SpatiallyLoaded:1 Bounds:IsValid=true, Min=(X=2254.000 Y=-29555.000 Z=100.000), Max=(X=2504.000 Y=-29490.000 Z=603.125) RuntimeGrid:None EditorOnly:0 RuntimeOnly:0 HLODRelevant:0
 |   |   |- Guid:18F099CE49022DD6A23C29BDDBC9EFB2 BaseClass: NativeClass:/Script/Landscape.LandscapeStreamingProxy Name:LandscapeStreamingProxy_9JUR0JFLATO5D7KAT7QSOLM0W_124_0_-2_0 Label:LandscapeStreamingProxy_0_-2_0 SpatiallyLoaded:1 Bounds:IsValid=true, Min=(X=-24800.000 Y=-49160.000 Z=100.000), Max=(X=-12400.000 Y=-36760.000 Z=3181.250) RuntimeGrid:None EditorOnly:0 RuntimeOnly:0 HLODRelevant:1
 |   |   |- Guid:215B93234785BB1EB3182CAC7A1D2D60 BaseClass: NativeClass:/Script/Engine.StaticMeshActor Name:StaticMeshActor_UAID_181DEA3371E18D9002_1501981401 Label:CubeGridToolOutput5 SpatiallyLoaded:1 Bounds:IsValid=true, Min=(X=-5636.000 Y=-34515.000 Z=100.000), Max=(X=-5386.000 Y=-34450.000 Z=603.125) RuntimeGrid:None EditorOnly:0 RuntimeOnly:0 HLODRelevant:0
 |   |   |- Guid:288F6B8B4C5CCC714D6D509F6BE6C066 BaseClass: NativeClass:/Script/Landscape.LandscapeStreamingProxy Name:LandscapeStreamingProxy_9JUR0JFLATO5D7KAT7QSOLM0W_124_0_3_0 Label:LandscapeStreamingProxy_0_3_0 SpatiallyLoaded:1 Bounds:IsValid=true, Min=(X=-24800.000 Y=12840.000 Z=321.094), Max=(X=-12400.000 Y=25240.000 Z=4959.375) RuntimeGrid:None EditorOnly:0 RuntimeOnly:0 HLODRelevant:1
 |   |   |- Guid:2FB58999456391D349DC0F86DAC136ED BaseClass: NativeClass:/Script/Engine.SkyLight Name:SkyLight_1 Label:SkyLight SpatiallyLoaded:0 Bounds:IsValid=true, Min=(X=0.000 Y=0.000 Z=690.000), Max=(X=0.000 Y=0.000 Z=690.000) RuntimeGrid:None EditorOnly:0 RuntimeOnly:0 HLODRelevant:0 FolderPath:Lighting FolderGuid:963EC3EB4002CCE9759E2EBA541A873A
 |   |   |- Guid:316CF2A6494ACA4C0E4180A87D36AB8F BaseClass: NativeClass:/Script/Engine.ExponentialHeightFog Name:ExponentialHeightFog_0 Label:ExponentialHeightFog SpatiallyLoaded:0 Bounds:IsValid=true, Min=(X=-5600.000 Y=-50.000 Z=-6850.000), Max=(X=-5600.000 Y=-50.000 Z=-6850.000) RuntimeGrid:None EditorOnly:0 RuntimeOnly:0 HLODRelevant:0 FolderPath:Lighting FolderGuid:963EC3EB4002CCE9759E2EBA541A873A
 |   |   |- Guid:34B3E9754B4D491E7B9EBD8DADA3CD94 BaseClass: NativeClass:/Script/Landscape.LandscapeStreamingProxy Name:LandscapeStreamingProxy_9JUR0JFLATO5D7KAT7QSOLM0W_124_2_-1_0 Label:LandscapeStreamingProxy_2_-1_0 SpatiallyLoaded:1 Bounds:IsValid=true, Min=(X=0.000 Y=-36760.000 Z=-854.688), Max=(X=12400.000 Y=-24360.000 Z=10106.250) RuntimeGrid:None EditorOnly:0 RuntimeOnly:0 HLODRelevant:1
 |   |   |- Guid:37396F2D43A3995EF7956DA181470A12 BaseClass: NativeClass:/Script/Engine.StaticMeshActor Name:StaticMeshActor_UAID_181DEA3371E18E9002_1912975587 Label:Cone3 SpatiallyLoaded:1 Bounds:IsValid=true, Min=(X=11501.926 Y=5966.812 Z=-2225.894), Max=(X=23972.196 Y=18971.846 Z=9912.771) RuntimeGrid:None EditorOnly:0 RuntimeOnly:0 HLODRelevant:0
 |   |   |- Guid:414DB7174AFD619D414B2AA83931B746 BaseClass: NativeClass:/Script/Landscape.LandscapeStreamingProxy Name:LandscapeStreamingProxy_9JUR0JFLATO5D7KAT7QSOLM0W_124_0_2_0 Label:LandscapeStreamingProxy_0_2_0 SpatiallyLoaded:1 Bounds:IsValid=true, Min=(X=-24800.000 Y=440.000 Z=100.000), Max=(X=-12400.000 Y=12840.000 Z=4864.062) RuntimeGrid:None EditorOnly:0 RuntimeOnly:0 HLODRelevant:1
 |   |   |- Guid:44934CD74A412E8A55BD20B2E1DE7A58 BaseClass: NativeClass:/Script/Landscape.LandscapeStreamingProxy Name:LandscapeStreamingProxy_9JUR0JFLATO5D7KAT7QSOLM0W_124_3_2_0 Label:LandscapeStreamingProxy_3_2_0 SpatiallyLoaded:1 Bounds:IsValid=true, Min=(X=12400.000 Y=440.000 Z=-105.469), Max=(X=24800.000 Y=12840.000 Z=3270.312) RuntimeGrid:None EditorOnly:0 RuntimeOnly:0 HLODRelevant:1
 |   |   |- Guid:47966515432F8E62241B9684C520F28C BaseClass: NativeClass:/Script/Engine.StaticMeshActor Name:StaticMeshActor_UAID_181DEA3371E18F9002_1194706765 Label:CubeGridToolOutput3 SpatiallyLoaded:1 Bounds:IsValid=true, Min=(X=-6556.000 Y=-34815.000 Z=100.000), Max=(X=-6306.000 Y=-34750.000 Z=603.125) RuntimeGrid:None EditorOnly:0 RuntimeOnly:0 HLODRelevant:0
 |   |   |- Guid:4D3BE93F4146AAAC8BBE79999D96D57F BaseClass: NativeClass:/Script/Engine.VolumetricCloud Name:VolumetricCloud_0 Label:VolumetricCloud SpatiallyLoaded:0 Bounds:IsValid=true, Min=(X=0.000 Y=0.000 Z=820.000), Max=(X=0.000 Y=0.000 Z=820.000) RuntimeGrid:None EditorOnly:0 RuntimeOnly:0 HLODRelevant:0 FolderPath:Lighting FolderGuid:963EC3EB4002CCE9759E2EBA541A873A
 |   |   |- Guid:4FEFA05041E0A73A16CD8599CDC795FE BaseClass: NativeClass:/Script/Landscape.LandscapeStreamingProxy Name:LandscapeStreamingProxy_9JUR0JFLATO5D7KAT7QSOLM0W_124_1_1_0 Label:LandscapeStreamingProxy_1_1_0 SpatiallyLoaded:1 Bounds:IsValid=true, Min=(X=-12400.000 Y=-11960.000 Z=-812.500), Max=(X=0.000 Y=440.000 Z=11154.688) RuntimeGrid:None EditorOnly:0 RuntimeOnly:0 HLODRelevant:1
 |   |   |- Guid:51444571414DE35792F8D79884A60B68 BaseClass: NativeClass:/Script/Engine.StaticMeshActor Name:StaticMeshActor_UAID_181DEA3371E18F9002_1657187767 Label:Cone5 SpatiallyLoaded:1 Bounds:IsValid=true, Min=(X=-17873.417 Y=7123.655 Z=-35.920), Max=(X=-6441.012 Y=18668.301 Z=7715.882) RuntimeGrid:None EditorOnly:0 RuntimeOnly:0 HLODRelevant:0
 |   |   |- Guid:5C95B0494FBEEF423B29399F6CC0024E BaseClass: NativeClass:/Script/Landscape.LandscapeStreamingProxy Name:LandscapeStreamingProxy_9JUR0JFLATO5D7KAT7QSOLM0W_124_4_-3_0 Label:LandscapeStreamingProxy_4_-3_0 SpatiallyLoaded:1 Bounds:IsValid=true, Min=(X=24800.000 Y=-61560.000 Z=100.000), Max=(X=24800.000 Y=-61560.000 Z=100.000) RuntimeGrid:None EditorOnly:0 RuntimeOnly:0 HLODRelevant:0
 |   |   |- Guid:6029E67C4FD2AD9147A277B935B90F36 BaseClass: NativeClass:/Script/Engine.StaticMeshActor Name:StaticMeshActor_UAID_181DEA3371E18F9002_1828844770 Label:Arrow SpatiallyLoaded:1 Bounds:IsValid=true, Min=(X=14570.134 Y=3431.716 Z=103.987), Max=(X=15639.447 Y=4755.502 Z=3220.321) RuntimeGrid:None EditorOnly:0 RuntimeOnly:0 HLODRelevant:0
 |   |   |- Guid:6351D50A453D251636F9A2963B37BF20 BaseClass: NativeClass:/Script/Engine.StaticMeshActor Name:StaticMeshActor_UAID_181DEA3371E18D9002_1695172404 Label:Box11 SpatiallyLoaded:1 Bounds:IsValid=true, Min=(X=-2910.000 Y=-13250.000 Z=100.000), Max=(X=-1910.000 Y=-12550.000 Z=600.000) RuntimeGrid:None EditorOnly:0 RuntimeOnly:0 HLODRelevant:0
 |   |   |- Guid:646533DE45C8D473B1124C997F4D1C9A BaseClass: NativeClass:/Script/Landscape.LandscapeStreamingProxy Name:LandscapeStreamingProxy_9JUR0JFLATO5D7KAT7QSOLM0W_124_0_-3_0 Label:LandscapeStreamingProxy_0_-3_0 SpatiallyLoaded:1 Bounds:IsValid=true, Min=(X=-24800.000 Y=-55360.000 Z=100.000), Max=(X=-12400.000 Y=-49160.000 Z=3699.219) RuntimeGrid:None EditorOnly:0 RuntimeOnly:0 HLODRelevant:1
 |   |   |- Guid:6BAF4DDD444C60371492D3919DB42C97 BaseClass: NativeClass:/Script/Engine.WorldDataLayers Name:WorldDataLayers Label:WorldDataLayers SpatiallyLoaded:0 Bounds:IsValid=true, Min=(X=0.000 Y=0.000 Z=0.000), Max=(X=0.000 Y=0.000 Z=0.000) RuntimeGrid:None EditorOnly:0 RuntimeOnly:0 HLODRelevant:0
 |   |   |- Guid:6BBF7BB34EC065D221CF2A91CCB6E996 BaseClass: NativeClass:/Script/Landscape.LandscapeStreamingProxy Name:LandscapeStreamingProxy_9JUR0JFLATO5D7KAT7QSOLM0W_124_2_1_0 Label:LandscapeStreamingProxy_2_1_0 SpatiallyLoaded:1 Bounds:IsValid=true, Min=(X=0.000 Y=-11960.000 Z=-1606.250), Max=(X=12400.000 Y=440.000 Z=10906.250) RuntimeGrid:None EditorOnly:0 RuntimeOnly:0 HLODRelevant:1
 |   |   |- Guid:6C45912E4C5A1EAB92B74095F5A2BA0A BaseClass: NativeClass:/Script/Engine.StaticMeshActor Name:StaticMeshActor_UAID_181DEA3371E18D9002_1468663399 Label:CubeGridToolOutput4 SpatiallyLoaded:1 Bounds:IsValid=true, Min=(X=-7066.000 Y=-28305.000 Z=100.000), Max=(X=-6816.000 Y=-28240.000 Z=603.125) RuntimeGrid:None EditorOnly:0 RuntimeOnly:0 HLODRelevant:0
 |   |   |- Guid:6D7994E444FA50BB39366682542B6D75 BaseClass: NativeClass:/Script/Engine.StaticMeshActor Name:StaticMeshActor_UAID_181DEA3371E1829002_1491444439 Label:Cube SpatiallyLoaded:1 Bounds:IsValid=true, Min=(X=1700.000 Y=-8900.000 Z=150.000), Max=(X=1800.000 Y=-8800.000 Z=250.000) RuntimeGrid:None EditorOnly:0 RuntimeOnly:0 HLODRelevant:0
 |   |   |- Guid:6E10273940FAA1665FFF0F8DB8CBBEEC BaseClass: NativeClass:/Script/Landscape.LandscapeStreamingProxy Name:LandscapeStreamingProxy_9JUR0JFLATO5D7KAT7QSOLM0W_124_2_2_0 Label:LandscapeStreamingProxy_2_2_0 SpatiallyLoaded:1 Bounds:IsValid=true, Min=(X=0.000 Y=440.000 Z=-3671.875), Max=(X=12400.000 Y=12840.000 Z=2989.062) RuntimeGrid:None EditorOnly:0 RuntimeOnly:0 HLODRelevant:1
 |   |   |- Guid:6FCD194544FEC029683152A4A78B4923 BaseClass: NativeClass:/Script/Engine.StaticMeshActor Name:StaticMeshActor_UAID_181DEA3371E18E9002_1868417585 Label:Cone SpatiallyLoaded:1 Bounds:IsValid=true, Min=(X=2221.926 Y=5956.812 Z=-2225.894), Max=(X=14692.196 Y=18961.846 Z=9912.771) RuntimeGrid:None EditorOnly:0 RuntimeOnly:0 HLODRelevant:0
 |   |   |- Guid:72984E694A2B36E7FBA088BA7920CA42 BaseClass: NativeClass:/Script/Engine.StaticMeshActor Name:StaticMeshActor_UAID_181DEA3371E18D9002_1351265398 Label:CubeGridToolOutput3 SpatiallyLoaded:1 Bounds:IsValid=true, Min=(X=-2650.000 Y=-32550.000 Z=100.000), Max=(X=-2350.000 Y=-32275.000 Z=200.000) RuntimeGrid:None EditorOnly:0 RuntimeOnly:0 HLODRelevant:0
 |   |   |- Guid:737EDDC9462669D1F95CFC8E2FF60D76 BaseClass: NativeClass:/Script/Engine.StaticMeshActor Name:StaticMeshActor_UAID_181DEA3371E18F9002_1840976771 Label:Arrow2 SpatiallyLoaded:1 Bounds:IsValid=true, Min=(X=-7599.862 Y=3920.602 Z=409.384), Max=(X=-6529.610 Y=5153.021 Z=3503.684) RuntimeGrid:None EditorOnly:0 RuntimeOnly:0 HLODRelevant:0
 |   |   |- Guid:73D5930147B4AFA1240192BE91D2BE22 BaseClass: NativeClass:/Script/Engine.StaticMeshActor Name:StaticMeshActor_UAID_181DEA3371E1879002_1074535327 Label:Box SpatiallyLoaded:1 Bounds:IsValid=true, Min=(X=-6440.000 Y=-32450.000 Z=100.000), Max=(X=1850.000 Y=-31750.000 Z=600.000) RuntimeGrid:None EditorOnly:0 RuntimeOnly:0 HLODRelevant:0
 |   |   |- Guid:76C279CF4E228E330F11C099353AF105 BaseClass: NativeClass:/Script/Engine.StaticMeshActor Name:StaticMeshActor_UAID_181DEA3371E18E9002_1900134586 Label:Cone2 SpatiallyLoaded:1 Bounds:IsValid=true, Min=(X=-15985.560 Y=6018.794 Z=-858.350), Max=(X=-3965.346 Y=18102.317 Z=8859.030) RuntimeGrid:None EditorOnly:0 RuntimeOnly:0 HLODRelevant:0
 |   |   |- Guid:780872E44BF54375F34DE6B80F0F66D5 BaseClass: NativeClass:/Script/Landscape.LandscapeStreamingProxy Name:LandscapeStreamingProxy_9JUR0JFLATO5D7KAT7QSOLM0W_124_0_0_0 Label:LandscapeStreamingProxy_0_0_0 SpatiallyLoaded:1 Bounds:IsValid=true, Min=(X=-24800.000 Y=-24360.000 Z=103.125), Max=(X=-12400.000 Y=-11960.000 Z=10508.594) RuntimeGrid:None EditorOnly:0 RuntimeOnly:0 HLODRelevant:1
 |   |   |- Guid:7D58FAB642BFEFBDE4DF6EB09B4B8A86 BaseClass: NativeClass:/Script/Landscape.LandscapeStreamingProxy Name:LandscapeStreamingProxy_9JUR0JFLATO5D7KAT7QSOLM0W_124_3_3_0 Label:LandscapeStreamingProxy_3_3_0 SpatiallyLoaded:1 Bounds:IsValid=true, Min=(X=12400.000 Y=12840.000 Z=614.062), Max=(X=24800.000 Y=25240.000 Z=6557.812) RuntimeGrid:None EditorOnly:0 RuntimeOnly:0 HLODRelevant:1
 |   |   |- Guid:812B30DE43F393B6F9CE91805495AA9B BaseClass: NativeClass:/Script/Engine.StaticMeshActor Name:StaticMeshActor_UAID_181DEA3371E18D9002_1664762403 Label:Box10 SpatiallyLoaded:1 Bounds:IsValid=true, Min=(X=1470.000 Y=-13260.000 Z=100.000), Max=(X=2470.000 Y=-12560.000 Z=600.000) RuntimeGrid:None EditorOnly:0 RuntimeOnly:0 HLODRelevant:0
 |   |   |- Guid:82B29C664F2ED0A9103EFFA67E406819 BaseClass: NativeClass:/Script/Landscape.Landscape Name:Landscape_UAID_D493902F39D4EE8D02_1405286280 Label:Landscape SpatiallyLoaded:0 Bounds:IsValid=true, Min=(X=-24800.000 Y=-24360.000 Z=100.000), Max=(X=-24800.000 Y=-24360.000 Z=100.000) RuntimeGrid:None EditorOnly:0 RuntimeOnly:0 HLODRelevant:0
 |   |   |- Guid:82C87B0440D6B4A360439CA095E69F54 BaseClass: NativeClass:/Script/Engine.PlayerStart Name:PlayerStart_UAID_181DEA3371E1879002_1428345333 Label:PlayerStart2 SpatiallyLoaded:0 Bounds:IsValid=true, Min=(X=-2310.000 Y=-31830.000 Z=100.000), Max=(X=-2230.000 Y=-31750.000 Z=284.000) RuntimeGrid:None EditorOnly:0 RuntimeOnly:0 HLODRelevant:0
 |   |   |- Guid:85A554FF443DCA281BD2139C0323B9F9 BaseClass: NativeClass:/Script/Landscape.LandscapeStreamingProxy Name:LandscapeStreamingProxy_9JUR0JFLATO5D7KAT7QSOLM0W_124_1_-3_0 Label:LandscapeStreamingProxy_1_-3_0 SpatiallyLoaded:1 Bounds:IsValid=true, Min=(X=-12400.000 Y=-55360.000 Z=100.000), Max=(X=0.000 Y=-49160.000 Z=3807.031) RuntimeGrid:None EditorOnly:0 RuntimeOnly:0 HLODRelevant:1
 |   |   |- Guid:8AD3D7A148AF1EEF874A82B4F6A0E75B BaseClass: NativeClass:/Script/Engine.StaticMeshActor Name:StaticMeshActor_UAID_181DEA3371E1879002_1194568331 Label:Box4 SpatiallyLoaded:1 Bounds:IsValid=true, Min=(X=-470.000 Y=-29860.000 Z=100.000), Max=(X=530.000 Y=-29160.000 Z=600.000) RuntimeGrid:None EditorOnly:0 RuntimeOnly:0 HLODRelevant:0
 |   |   |- Guid:8B3FA5AF467B54A99AE313897064C375 BaseClass: NativeClass:/Script/Engine.StaticMeshActor Name:StaticMeshActor_UAID_181DEA3371E18C9002_1606779217 Label:CubeGridToolOutput2 SpatiallyLoaded:1 Bounds:IsValid=true, Min=(X=1974.000 Y=-28315.000 Z=100.000), Max=(X=2224.000 Y=-28250.000 Z=603.125) RuntimeGrid:None EditorOnly:0 RuntimeOnly:0 HLODRelevant:0
 |   |   |- Guid:8B66080D451A775C3C476ABF62EC3414 BaseClass: NativeClass:/Script/Landscape.LandscapeStreamingProxy Name:LandscapeStreamingProxy_9JUR0JFLATO5D7KAT7QSOLM0W_124_3_-3_0 Label:LandscapeStreamingProxy_3_-3_0 SpatiallyLoaded:1 Bounds:IsValid=true, Min=(X=12400.000 Y=-55360.000 Z=85.156), Max=(X=24800.000 Y=-49160.000 Z=2037.500) RuntimeGrid:None EditorOnly:0 RuntimeOnly:0 HLODRelevant:1
 |   |   |- Guid:98277CB743F244E5DC254A848729A9E3 BaseClass: NativeClass:/Script/Engine.StaticMeshActor Name:StaticMeshActor_UAID_181DEA3371E18C9002_1770818220 Label:Box7 SpatiallyLoaded:1 Bounds:IsValid=true, Min=(X=-3210.000 Y=-36110.000 Z=100.000), Max=(X=-2210.000 Y=-35410.000 Z=600.000) RuntimeGrid:None EditorOnly:0 RuntimeOnly:0 HLODRelevant:0
 |   |   |- Guid:98A196C94567086248D260A91D1A7E93 BaseClass: NativeClass:/Script/Landscape.LandscapeStreamingProxy Name:LandscapeStreamingProxy_9JUR0JFLATO5D7KAT7QSOLM0W_124_0_1_0 Label:LandscapeStreamingProxy_0_1_0 SpatiallyLoaded:1 Bounds:IsValid=true, Min=(X=-24800.000 Y=-11960.000 Z=100.000), Max=(X=-12400.000 Y=440.000 Z=7108.594) RuntimeGrid:None EditorOnly:0 RuntimeOnly:0 HLODRelevant:1
 |   |   |- Guid:99B7E65F4CBAE102B24B9A9D57A5055E BaseClass: NativeClass:/Script/Landscape.LandscapeStreamingProxy Name:LandscapeStreamingProxy_9JUR0JFLATO5D7KAT7QSOLM0W_124_3_0_0 Label:LandscapeStreamingProxy_3_0_0 SpatiallyLoaded:1 Bounds:IsValid=true, Min=(X=12400.000 Y=-24360.000 Z=21.875), Max=(X=24800.000 Y=-11960.000 Z=9342.969) RuntimeGrid:None EditorOnly:0 RuntimeOnly:0 HLODRelevant:1
 |   |   |- Guid:9B1B05574FAB670284BBAD852F19D253 BaseClass: NativeClass:/Script/Landscape.LandscapeStreamingProxy Name:LandscapeStreamingProxy_9JUR0JFLATO5D7KAT7QSOLM0W_124_1_3_0 Label:LandscapeStreamingProxy_1_3_0 SpatiallyLoaded:1 Bounds:IsValid=true, Min=(X=-12400.000 Y=12840.000 Z=100.000), Max=(X=0.000 Y=25240.000 Z=4662.500) RuntimeGrid:None EditorOnly:0 RuntimeOnly:0 HLODRelevant:1
 |   |   |- Guid:9C0A9C754419BDDBBBA54E9834D6EE05 BaseClass: NativeClass:/Script/Engine.StaticMeshActor Name:StaticMeshActor_UAID_181DEA3371E18F9002_1750173769 Label:Cone6 SpatiallyLoaded:1 Bounds:IsValid=true, Min=(X=7624.896 Y=3700.290 Z=-1149.927), Max=(X=19719.049 Y=16701.523 Z=10140.361) RuntimeGrid:None EditorOnly:0 RuntimeOnly:0 HLODRelevant:0
 |   |   |- Guid:A0715A93418003F1519DCE80DAC8BB32 BaseClass: NativeClass:/Script/Engine.StaticMeshActor Name:StaticMeshActor_UAID_181DEA3371E1879002_1125039330 Label:Box3 SpatiallyLoaded:1 Bounds:IsValid=true, Min=(X=-5090.000 Y=-29850.000 Z=100.000), Max=(X=-4090.000 Y=-29150.000 Z=600.000) RuntimeGrid:None EditorOnly:0 RuntimeOnly:0 HLODRelevant:0
 |   |   |- Guid:A29176A34B9E919861D3418B883CCD93 BaseClass: NativeClass:/Script/Landscape.LandscapeStreamingProxy Name:LandscapeStreamingProxy_9JUR0JFLATO5D7KAT7QSOLM0W_124_1_0_0 Label:LandscapeStreamingProxy_1_0_0 SpatiallyLoaded:1 Bounds:IsValid=true, Min=(X=-12400.000 Y=-24360.000 Z=28.906), Max=(X=0.000 Y=-11960.000 Z=12760.156) RuntimeGrid:None EditorOnly:0 RuntimeOnly:0 HLODRelevant:1
 |   |   |- Guid:A48629D44FCD7B803CA0B08126B8CF55 BaseClass: NativeClass:/Script/Landscape.LandscapeStreamingProxy Name:LandscapeStreamingProxy_9JUR0JFLATO5D7KAT7QSOLM0W_124_2_3_0 Label:LandscapeStreamingProxy_2_3_0 SpatiallyLoaded:1 Bounds:IsValid=true, Min=(X=0.000 Y=12840.000 Z=108.594), Max=(X=12400.000 Y=25240.000 Z=3807.031) RuntimeGrid:None EditorOnly:0 RuntimeOnly:0 HLODRelevant:1
 |   |   |- Guid:A60127694431097D1B077C9BD6F388A4 BaseClass: NativeClass:/Script/Engine.StaticMeshActor Name:StaticMeshActor_UAID_181DEA3371E18C9002_1791611221 Label:Box8 SpatiallyLoaded:1 Bounds:IsValid=true, Min=(X=-4300.000 Y=-36100.000 Z=100.000), Max=(X=-3300.000 Y=-35400.000 Z=600.000) RuntimeGrid:None EditorOnly:0 RuntimeOnly:0 HLODRelevant:0
 |   |   |- Guid:A739707D4769D31FBB54C399C171BCC7 BaseClass: NativeClass:/Script/Engine.StaticMeshActor Name:StaticMeshActor_UAID_181DEA3371E18E9002_1748984584 Label:CubeGridToolOutput7 SpatiallyLoaded:1 Bounds:IsValid=true, Min=(X=-6682.500 Y=6472.500 Z=287.500), Max=(X=-6145.000 Y=7010.000 Z=2662.500) RuntimeGrid:None EditorOnly:0 RuntimeOnly:0 HLODRelevant:0
 |   |   |- Guid:ACCEB0A14960EA8DEE6C86A6B922477F BaseClass: NativeClass:/Script/Engine.StaticMeshActor Name:StaticMeshActor_UAID_181DEA3371E1879002_1913638335 Label:CubeGridToolOutput SpatiallyLoaded:1 Bounds:IsValid=true, Min=(X=2244.000 Y=-34825.000 Z=100.000), Max=(X=2494.000 Y=-34760.000 Z=603.125) RuntimeGrid:None EditorOnly:0 RuntimeOnly:0 HLODRelevant:0
 |   |   |- Guid:B0AA2A32400B2BFD0F66EDB2F91FEA9F BaseClass: NativeClass:/Script/Engine.StaticMeshActor Name:StaticMeshActor_UAID_181DEA3371E1879002_1098438329 Label:Box2 SpatiallyLoaded:1 Bounds:IsValid=true, Min=(X=-2800.000 Y=-29860.000 Z=100.000), Max=(X=-1800.000 Y=-29160.000 Z=600.000) RuntimeGrid:None EditorOnly:0 RuntimeOnly:0 HLODRelevant:0
 |   |   |- Guid:B6717FE04FB4168F2720B3B577A39B77 BaseClass: NativeClass:/Script/Landscape.LandscapeStreamingProxy Name:LandscapeStreamingProxy_9JUR0JFLATO5D7KAT7QSOLM0W_124_1_2_0 Label:LandscapeStreamingProxy_1_2_0 SpatiallyLoaded:1 Bounds:IsValid=true, Min=(X=-12400.000 Y=440.000 Z=-2510.156), Max=(X=0.000 Y=12840.000 Z=2207.812) RuntimeGrid:None EditorOnly:0 RuntimeOnly:0 HLODRelevant:1
 |   |   |- Guid:B785ED2844B84CFB91E7F39FE661CD99 BaseClass: NativeClass:/Script/Engine.DirectionalLight Name:DirectionalLight_0 Label:DirectionalLight SpatiallyLoaded:0 Bounds:IsValid=true, Min=(X=-1048576.000 Y=-1048576.000 Z=-1048576.000), Max=(X=1048576.000 Y=1048576.000 Z=1048576.000) RuntimeGrid:None EditorOnly:0 RuntimeOnly:0 HLODRelevant:0 FolderPath:Lighting FolderGuid:963EC3EB4002CCE9759E2EBA541A873A
 |   |   |- Guid:C34FC14E4CD92C2E391B9184E154C148 BaseClass: NativeClass:/Script/Landscape.LandscapeStreamingProxy Name:LandscapeStreamingProxy_9JUR0JFLATO5D7KAT7QSOLM0W_124_3_-2_0 Label:LandscapeStreamingProxy_3_-2_0 SpatiallyLoaded:1 Bounds:IsValid=true, Min=(X=12400.000 Y=-49160.000 Z=-674.219), Max=(X=24800.000 Y=-36760.000 Z=3989.062) RuntimeGrid:None EditorOnly:0 RuntimeOnly:0 HLODRelevant:1
 |   |   |- Guid:CCFF262C46EEFFDF319E7F9539CE697E BaseClass: NativeClass:/Script/Engine.SkyAtmosphere Name:SkyAtmosphere_0 Label:SkyAtmosphere SpatiallyLoaded:0 Bounds:IsValid=true, Min=(X=0.000 Y=0.000 Z=1020.000), Max=(X=0.000 Y=0.000 Z=1020.000) RuntimeGrid:None EditorOnly:0 RuntimeOnly:0 HLODRelevant:0 FolderPath:Lighting FolderGuid:963EC3EB4002CCE9759E2EBA541A873A
 |   |   |- Guid:CF0D988F49001AEB0AE3E7BC18F8D1F7 BaseClass: NativeClass:/Script/Engine.StaticMeshActor Name:StaticMeshActor_UAID_181DEA3371E18C9002_1710663218 Label:Box5 SpatiallyLoaded:1 Bounds:IsValid=true, Min=(X=-1030.000 Y=-36130.000 Z=100.000), Max=(X=-30.000 Y=-35430.000 Z=600.000) RuntimeGrid:None EditorOnly:0 RuntimeOnly:0 HLODRelevant:0
 |   |   |- Guid:D142E002437EA4708C5DBAAAB269026F BaseClass: NativeClass:/Script/Landscape.LandscapeStreamingProxy Name:LandscapeStreamingProxy_9JUR0JFLATO5D7KAT7QSOLM0W_124_2_-2_0 Label:LandscapeStreamingProxy_2_-2_0 SpatiallyLoaded:1 Bounds:IsValid=true, Min=(X=0.000 Y=-49160.000 Z=-887.500), Max=(X=12400.000 Y=-36760.000 Z=2801.562) RuntimeGrid:None EditorOnly:0 RuntimeOnly:0 HLODRelevant:1
 |   |   |- Guid:D19F86EE4E439E9DF050718677B2DB54 BaseClass: NativeClass:/Script/Landscape.LandscapeStreamingProxy Name:LandscapeStreamingProxy_9JUR0JFLATO5D7KAT7QSOLM0W_124_1_-1_0 Label:LandscapeStreamingProxy_1_-1_0 SpatiallyLoaded:1 Bounds:IsValid=true, Min=(X=-12400.000 Y=-36760.000 Z=0.000), Max=(X=0.000 Y=-24360.000 Z=12760.156) RuntimeGrid:None EditorOnly:0 RuntimeOnly:0 HLODRelevant:1
 |   |   |- Guid:D48221D34F4CBE85C104B8B311870320 BaseClass: NativeClass:/Script/Landscape.LandscapeStreamingProxy Name:LandscapeStreamingProxy_9JUR0JFLATO5D7KAT7QSOLM0W_124_5_-3_0 Label:LandscapeStreamingProxy_5_-3_0 SpatiallyLoaded:1 Bounds:IsValid=true, Min=(X=37200.000 Y=-61560.000 Z=100.000), Max=(X=37200.000 Y=-61560.000 Z=100.000) RuntimeGrid:None EditorOnly:0 RuntimeOnly:0 HLODRelevant:0
 |   |   |- Guid:D9C254F24EA24097601515AE4154611A BaseClass: NativeClass:/Script/Landscape.LandscapeStreamingProxy Name:LandscapeStreamingProxy_9JUR0JFLATO5D7KAT7QSOLM0W_124_3_-1_0 Label:LandscapeStreamingProxy_3_-1_0 SpatiallyLoaded:1 Bounds:IsValid=true, Min=(X=12400.000 Y=-36760.000 Z=-690.625), Max=(X=24800.000 Y=-24360.000 Z=2499.219) RuntimeGrid:None EditorOnly:0 RuntimeOnly:0 HLODRelevant:1
 |   |   |- Guid:E19AF8E640E3611AF5269DAD170D64E1 BaseClass: NativeClass:/Script/Engine.StaticMeshActor Name:StaticMeshActor_UAID_181DEA3371E18D9002_1638568402 Label:Box9 SpatiallyLoaded:1 Bounds:IsValid=true, Min=(X=-460.000 Y=-11350.000 Z=100.000), Max=(X=540.000 Y=-10650.000 Z=600.000) RuntimeGrid:None EditorOnly:0 RuntimeOnly:0 HLODRelevant:0
 |   |   |- Guid:EBE06D844CD7A94FEDE3DFB84877AA39 BaseClass: NativeClass:/Script/Engine.StaticMeshActor Name:StaticMeshActor_UAID_181DEA3371E18F9002_1629119766 Label:Cone4 SpatiallyLoaded:1 Bounds:IsValid=true, Min=(X=-948.623 Y=7481.552 Z=-940.739), Max=(X=10742.600 Y=19123.242 Z=7443.062) RuntimeGrid:None EditorOnly:0 RuntimeOnly:0 HLODRelevant:0
 |   |   |- Guid:EC4E0C944CE6AC6E784BC6BB2916EA13 BaseClass: NativeClass:/Script/Engine.StaticMeshActor Name:StaticMeshActor_UAID_A4AE111137DC5EFB00_1110535423 Label:SM_SkySphere SpatiallyLoaded:0 Bounds:IsValid=true, Min=(X=-1638400.000 Y=-1638400.000 Z=-1638400.000), Max=(X=1638400.000 Y=1638400.000 Z=1638400.000) RuntimeGrid:None EditorOnly:0 RuntimeOnly:0 HLODRelevant:1 FolderPath:Lighting FolderGuid:963EC3EB4002CCE9759E2EBA541A873A
 |   |   |- Guid:ED5D2D554F18E475C70AE4AE9AF9D615 BaseClass: NativeClass:/Script/Landscape.LandscapeStreamingProxy Name:LandscapeStreamingProxy_9JUR0JFLATO5D7KAT7QSOLM0W_124_2_-3_0 Label:LandscapeStreamingProxy_2_-3_0 SpatiallyLoaded:1 Bounds:IsValid=true, Min=(X=0.000 Y=-55360.000 Z=50.000), Max=(X=12400.000 Y=-49160.000 Z=3677.344) RuntimeGrid:None EditorOnly:0 RuntimeOnly:0 HLODRelevant:1
 |   |   |- Guid:F056E6004DA189E943C1B4A4BEA2DF9A BaseClass: NativeClass:/Script/Landscape.LandscapeStreamingProxy Name:LandscapeStreamingProxy_9JUR0JFLATO5D7KAT7QSOLM0W_124_-1_-2_0 Label:LandscapeStreamingProxy_-1_-2_0 SpatiallyLoaded:1 Bounds:IsValid=true, Min=(X=-37200.000 Y=-49160.000 Z=100.000), Max=(X=-37200.000 Y=-49160.000 Z=100.000) RuntimeGrid:None EditorOnly:0 RuntimeOnly:0 HLODRelevant:0
 |   |   |- Guid:F2E43FE94C6D294D450B91A026DB60E6 BaseClass: NativeClass:/Script/Engine.StaticMeshActor Name:StaticMeshActor_UAID_F854F6DC2ADC989002_1230335311 Label:pyramid SpatiallyLoaded:1 Bounds:IsValid=true, Min=(X=850.004 Y=13753.243 Z=190.611), Max=(X=5583.928 Y=18487.167 Z=2340.985) RuntimeGrid:None EditorOnly:0 RuntimeOnly:0 HLODRelevant:1
 |   |   |- Guid:F69E7CB5499D62C2BCA76C9EA7443AD6 BaseClass: NativeClass:/Script/Engine.StaticMeshActor Name:StaticMeshActor_UAID_181DEA3371E18E9002_1669373583 Label:CubeGridToolOutput6 SpatiallyLoaded:1 Bounds:IsValid=true, Min=(X=14187.500 Y=2512.500 Z=287.500), Max=(X=14725.000 Y=3050.000 Z=2662.500) RuntimeGrid:None EditorOnly:0 RuntimeOnly:0 HLODRelevant:0
 |   |   |- Guid:F7FF3E67442F4031E3F27592DDC08DEB BaseClass: NativeClass:/Script/Landscape.LandscapeStreamingProxy Name:LandscapeStreamingProxy_9JUR0JFLATO5D7KAT7QSOLM0W_124_2_0_0 Label:LandscapeStreamingProxy_2_0_0 SpatiallyLoaded:1 Bounds:IsValid=true, Min=(X=0.000 Y=-24360.000 Z=-15.625), Max=(X=12400.000 Y=-11960.000 Z=12621.094) RuntimeGrid:None EditorOnly:0 RuntimeOnly:0 HLODRelevant:1
 |   |- [+] Clusters:
 |   |   |- [+] [  0]
 |   |   |   |- Guid:288F6B8B4C5CCC714D6D509F6BE6C066 BaseClass: NativeClass:/Script/Landscape.LandscapeStreamingProxy Name:LandscapeStreamingProxy_9JUR0JFLATO5D7KAT7QSOLM0W_124_0_3_0 Label:LandscapeStreamingProxy_0_3_0 SpatiallyLoaded:1 Bounds:IsValid=true, Min=(X=-24800.000 Y=12840.000 Z=321.094), Max=(X=-12400.000 Y=25240.000 Z=4959.375) RuntimeGrid:None EditorOnly:0 RuntimeOnly:0 HLODRelevant:1
 |   |   |- [+] [  1]
 |   |   |   |- Guid:6BAF4DDD444C60371492D3919DB42C97 BaseClass: NativeClass:/Script/Engine.WorldDataLayers Name:WorldDataLayers Label:WorldDataLayers SpatiallyLoaded:0 Bounds:IsValid=true, Min=(X=0.000 Y=0.000 Z=0.000), Max=(X=0.000 Y=0.000 Z=0.000) RuntimeGrid:None EditorOnly:0 RuntimeOnly:0 HLODRelevant:0
 |   |   |- [+] [  2]
 |   |   |   |- Guid:8AD3D7A148AF1EEF874A82B4F6A0E75B BaseClass: NativeClass:/Script/Engine.StaticMeshActor Name:StaticMeshActor_UAID_181DEA3371E1879002_1194568331 Label:Box4 SpatiallyLoaded:1 Bounds:IsValid=true, Min=(X=-470.000 Y=-29860.000 Z=100.000), Max=(X=530.000 Y=-29160.000 Z=600.000) RuntimeGrid:None EditorOnly:0 RuntimeOnly:0 HLODRelevant:0
 |   |   |- [+] [  3]
 |   |   |   |- Guid:98A196C94567086248D260A91D1A7E93 BaseClass: NativeClass:/Script/Landscape.LandscapeStreamingProxy Name:LandscapeStreamingProxy_9JUR0JFLATO5D7KAT7QSOLM0W_124_0_1_0 Label:LandscapeStreamingProxy_0_1_0 SpatiallyLoaded:1 Bounds:IsValid=true, Min=(X=-24800.000 Y=-11960.000 Z=100.000), Max=(X=-12400.000 Y=440.000 Z=7108.594) RuntimeGrid:None EditorOnly:0 RuntimeOnly:0 HLODRelevant:1
 |   |   |- [+] [  4]
 |   |   |   |- Guid:18F099CE49022DD6A23C29BDDBC9EFB2 BaseClass: NativeClass:/Script/Landscape.LandscapeStreamingProxy Name:LandscapeStreamingProxy_9JUR0JFLATO5D7KAT7QSOLM0W_124_0_-2_0 Label:LandscapeStreamingProxy_0_-2_0 SpatiallyLoaded:1 Bounds:IsValid=true, Min=(X=-24800.000 Y=-49160.000 Z=100.000), Max=(X=-12400.000 Y=-36760.000 Z=3181.250) RuntimeGrid:None EditorOnly:0 RuntimeOnly:0 HLODRelevant:1
 |   |   |- [+] [  5]
 |   |   |   |- Guid:8B3FA5AF467B54A99AE313897064C375 BaseClass: NativeClass:/Script/Engine.StaticMeshActor Name:StaticMeshActor_UAID_181DEA3371E18C9002_1606779217 Label:CubeGridToolOutput2 SpatiallyLoaded:1 Bounds:IsValid=true, Min=(X=1974.000 Y=-28315.000 Z=100.000), Max=(X=2224.000 Y=-28250.000 Z=603.125) RuntimeGrid:None EditorOnly:0 RuntimeOnly:0 HLODRelevant:0
 |   |   |- [+] [  6]
 |   |   |   |- Guid:CF0D988F49001AEB0AE3E7BC18F8D1F7 BaseClass: NativeClass:/Script/Engine.StaticMeshActor Name:StaticMeshActor_UAID_181DEA3371E18C9002_1710663218 Label:Box5 SpatiallyLoaded:1 Bounds:IsValid=true, Min=(X=-1030.000 Y=-36130.000 Z=100.000), Max=(X=-30.000 Y=-35430.000 Z=600.000) RuntimeGrid:None EditorOnly:0 RuntimeOnly:0 HLODRelevant:0
 |   |   |- [+] [  7]
 |   |   |   |- Guid:0A9E30E2474E126D9C37F7BC9BAEB934 BaseClass: NativeClass:/Script/Landscape.LandscapeStreamingProxy Name:LandscapeStreamingProxy_9JUR0JFLATO5D7KAT7QSOLM0W_124_-1_-1_0 Label:LandscapeStreamingProxy_-1_-1_0 SpatiallyLoaded:1 Bounds:IsValid=true, Min=(X=-37200.000 Y=-36760.000 Z=100.000), Max=(X=-37200.000 Y=-36760.000 Z=100.000) RuntimeGrid:None EditorOnly:0 RuntimeOnly:0 HLODRelevant:0
 |   |   |- [+] [  8]
 |   |   |   |- Guid:EBE06D844CD7A94FEDE3DFB84877AA39 BaseClass: NativeClass:/Script/Engine.StaticMeshActor Name:StaticMeshActor_UAID_181DEA3371E18F9002_1629119766 Label:Cone4 SpatiallyLoaded:1 Bounds:IsValid=true, Min=(X=-948.623 Y=7481.552 Z=-940.739), Max=(X=10742.600 Y=19123.242 Z=7443.062) RuntimeGrid:None EditorOnly:0 RuntimeOnly:0 HLODRelevant:0
 |   |   |- [+] [  9]
 |   |   |   |- Guid:B0AA2A32400B2BFD0F66EDB2F91FEA9F BaseClass: NativeClass:/Script/Engine.StaticMeshActor Name:StaticMeshActor_UAID_181DEA3371E1879002_1098438329 Label:Box2 SpatiallyLoaded:1 Bounds:IsValid=true, Min=(X=-2800.000 Y=-29860.000 Z=100.000), Max=(X=-1800.000 Y=-29160.000 Z=600.000) RuntimeGrid:None EditorOnly:0 RuntimeOnly:0 HLODRelevant:0
 |   |   |- [+] [ 10]
 |   |   |   |- Guid:8B66080D451A775C3C476ABF62EC3414 BaseClass: NativeClass:/Script/Landscape.LandscapeStreamingProxy Name:LandscapeStreamingProxy_9JUR0JFLATO5D7KAT7QSOLM0W_124_3_-3_0 Label:LandscapeStreamingProxy_3_-3_0 SpatiallyLoaded:1 Bounds:IsValid=true, Min=(X=12400.000 Y=-55360.000 Z=85.156), Max=(X=24800.000 Y=-49160.000 Z=2037.500) RuntimeGrid:None EditorOnly:0 RuntimeOnly:0 HLODRelevant:1
 |   |   |- [+] [ 11]
 |   |   |   |- Guid:A739707D4769D31FBB54C399C171BCC7 BaseClass: NativeClass:/Script/Engine.StaticMeshActor Name:StaticMeshActor_UAID_181DEA3371E18E9002_1748984584 Label:CubeGridToolOutput7 SpatiallyLoaded:1 Bounds:IsValid=true, Min=(X=-6682.500 Y=6472.500 Z=287.500), Max=(X=-6145.000 Y=7010.000 Z=2662.500) RuntimeGrid:None EditorOnly:0 RuntimeOnly:0 HLODRelevant:0
 |   |   |- [+] [ 12]
 |   |   |   |- Guid:44934CD74A412E8A55BD20B2E1DE7A58 BaseClass: NativeClass:/Script/Landscape.LandscapeStreamingProxy Name:LandscapeStreamingProxy_9JUR0JFLATO5D7KAT7QSOLM0W_124_3_2_0 Label:LandscapeStreamingProxy_3_2_0 SpatiallyLoaded:1 Bounds:IsValid=true, Min=(X=12400.000 Y=440.000 Z=-105.469), Max=(X=24800.000 Y=12840.000 Z=3270.312) RuntimeGrid:None EditorOnly:0 RuntimeOnly:0 HLODRelevant:1
 |   |   |- [+] [ 13]
 |   |   |   |- Guid:6351D50A453D251636F9A2963B37BF20 BaseClass: NativeClass:/Script/Engine.StaticMeshActor Name:StaticMeshActor_UAID_181DEA3371E18D9002_1695172404 Label:Box11 SpatiallyLoaded:1 Bounds:IsValid=true, Min=(X=-2910.000 Y=-13250.000 Z=100.000), Max=(X=-1910.000 Y=-12550.000 Z=600.000) RuntimeGrid:None EditorOnly:0 RuntimeOnly:0 HLODRelevant:0
 |   |   |- [+] [ 14]
 |   |   |   |- Guid:4D3BE93F4146AAAC8BBE79999D96D57F BaseClass: NativeClass:/Script/Engine.VolumetricCloud Name:VolumetricCloud_0 Label:VolumetricCloud SpatiallyLoaded:0 Bounds:IsValid=true, Min=(X=0.000 Y=0.000 Z=820.000), Max=(X=0.000 Y=0.000 Z=820.000) RuntimeGrid:None EditorOnly:0 RuntimeOnly:0 HLODRelevant:0 FolderPath:Lighting FolderGuid:963EC3EB4002CCE9759E2EBA541A873A
 |   |   |- [+] [ 15]
 |   |   |   |- Guid:85A554FF443DCA281BD2139C0323B9F9 BaseClass: NativeClass:/Script/Landscape.LandscapeStreamingProxy Name:LandscapeStreamingProxy_9JUR0JFLATO5D7KAT7QSOLM0W_124_1_-3_0 Label:LandscapeStreamingProxy_1_-3_0 SpatiallyLoaded:1 Bounds:IsValid=true, Min=(X=-12400.000 Y=-55360.000 Z=100.000), Max=(X=0.000 Y=-49160.000 Z=3807.031) RuntimeGrid:None EditorOnly:0 RuntimeOnly:0 HLODRelevant:1
 |   |   |- [+] [ 16]
 |   |   |   |- Guid:E19AF8E640E3611AF5269DAD170D64E1 BaseClass: NativeClass:/Script/Engine.StaticMeshActor Name:StaticMeshActor_UAID_181DEA3371E18D9002_1638568402 Label:Box9 SpatiallyLoaded:1 Bounds:IsValid=true, Min=(X=-460.000 Y=-11350.000 Z=100.000), Max=(X=540.000 Y=-10650.000 Z=600.000) RuntimeGrid:None EditorOnly:0 RuntimeOnly:0 HLODRelevant:0
 |   |   |- [+] [ 17]
 |   |   |   |- Guid:82B29C664F2ED0A9103EFFA67E406819 BaseClass: NativeClass:/Script/Landscape.Landscape Name:Landscape_UAID_D493902F39D4EE8D02_1405286280 Label:Landscape SpatiallyLoaded:0 Bounds:IsValid=true, Min=(X=-24800.000 Y=-24360.000 Z=100.000), Max=(X=-24800.000 Y=-24360.000 Z=100.000) RuntimeGrid:None EditorOnly:0 RuntimeOnly:0 HLODRelevant:0
 |   |   |- [+] [ 18]
 |   |   |   |- Guid:6BBF7BB34EC065D221CF2A91CCB6E996 BaseClass: NativeClass:/Script/Landscape.LandscapeStreamingProxy Name:LandscapeStreamingProxy_9JUR0JFLATO5D7KAT7QSOLM0W_124_2_1_0 Label:LandscapeStreamingProxy_2_1_0 SpatiallyLoaded:1 Bounds:IsValid=true, Min=(X=0.000 Y=-11960.000 Z=-1606.250), Max=(X=12400.000 Y=440.000 Z=10906.250) RuntimeGrid:None EditorOnly:0 RuntimeOnly:0 HLODRelevant:1
 |   |   |- [+] [ 19]
 |   |   |   |- Guid:37396F2D43A3995EF7956DA181470A12 BaseClass: NativeClass:/Script/Engine.StaticMeshActor Name:StaticMeshActor_UAID_181DEA3371E18E9002_1912975587 Label:Cone3 SpatiallyLoaded:1 Bounds:IsValid=true, Min=(X=11501.926 Y=5966.812 Z=-2225.894), Max=(X=23972.196 Y=18971.846 Z=9912.771) RuntimeGrid:None EditorOnly:0 RuntimeOnly:0 HLODRelevant:0
 |   |   |- [+] [ 20]
 |   |   |   |- Guid:CCFF262C46EEFFDF319E7F9539CE697E BaseClass: NativeClass:/Script/Engine.SkyAtmosphere Name:SkyAtmosphere_0 Label:SkyAtmosphere SpatiallyLoaded:0 Bounds:IsValid=true, Min=(X=0.000 Y=0.000 Z=1020.000), Max=(X=0.000 Y=0.000 Z=1020.000) RuntimeGrid:None EditorOnly:0 RuntimeOnly:0 HLODRelevant:0 FolderPath:Lighting FolderGuid:963EC3EB4002CCE9759E2EBA541A873A
 |   |   |- [+] [ 21]
 |   |   |   |- Guid:EC4E0C944CE6AC6E784BC6BB2916EA13 BaseClass: NativeClass:/Script/Engine.StaticMeshActor Name:StaticMeshActor_UAID_A4AE111137DC5EFB00_1110535423 Label:SM_SkySphere SpatiallyLoaded:0 Bounds:IsValid=true, Min=(X=-1638400.000 Y=-1638400.000 Z=-1638400.000), Max=(X=1638400.000 Y=1638400.000 Z=1638400.000) RuntimeGrid:None EditorOnly:0 RuntimeOnly:0 HLODRelevant:1 FolderPath:Lighting FolderGuid:963EC3EB4002CCE9759E2EBA541A873A
 |   |   |- [+] [ 22]
 |   |   |   |- Guid:6FCD194544FEC029683152A4A78B4923 BaseClass: NativeClass:/Script/Engine.StaticMeshActor Name:StaticMeshActor_UAID_181DEA3371E18E9002_1868417585 Label:Cone SpatiallyLoaded:1 Bounds:IsValid=true, Min=(X=2221.926 Y=5956.812 Z=-2225.894), Max=(X=14692.196 Y=18961.846 Z=9912.771) RuntimeGrid:None EditorOnly:0 RuntimeOnly:0 HLODRelevant:0
 |   |   |- [+] [ 23]
 |   |   |   |- Guid:7D58FAB642BFEFBDE4DF6EB09B4B8A86 BaseClass: NativeClass:/Script/Landscape.LandscapeStreamingProxy Name:LandscapeStreamingProxy_9JUR0JFLATO5D7KAT7QSOLM0W_124_3_3_0 Label:LandscapeStreamingProxy_3_3_0 SpatiallyLoaded:1 Bounds:IsValid=true, Min=(X=12400.000 Y=12840.000 Z=614.062), Max=(X=24800.000 Y=25240.000 Z=6557.812) RuntimeGrid:None EditorOnly:0 RuntimeOnly:0 HLODRelevant:1
 |   |   |- [+] [ 24]
 |   |   |   |- Guid:99B7E65F4CBAE102B24B9A9D57A5055E BaseClass: NativeClass:/Script/Landscape.LandscapeStreamingProxy Name:LandscapeStreamingProxy_9JUR0JFLATO5D7KAT7QSOLM0W_124_3_0_0 Label:LandscapeStreamingProxy_3_0_0 SpatiallyLoaded:1 Bounds:IsValid=true, Min=(X=12400.000 Y=-24360.000 Z=21.875), Max=(X=24800.000 Y=-11960.000 Z=9342.969) RuntimeGrid:None EditorOnly:0 RuntimeOnly:0 HLODRelevant:1
 |   |   |- [+] [ 25]
 |   |   |   |- Guid:0B9B730245BC9FA1A1AA129B0A4D6BD7 BaseClass: NativeClass:/Script/Landscape.LandscapeStreamingProxy Name:LandscapeStreamingProxy_9JUR0JFLATO5D7KAT7QSOLM0W_124_1_-2_0 Label:LandscapeStreamingProxy_1_-2_0 SpatiallyLoaded:1 Bounds:IsValid=true, Min=(X=-12400.000 Y=-49160.000 Z=0.000), Max=(X=0.000 Y=-36760.000 Z=3165.625) RuntimeGrid:None EditorOnly:0 RuntimeOnly:0 HLODRelevant:1
 |   |   |- [+] [ 26]
 |   |   |   |- Guid:646533DE45C8D473B1124C997F4D1C9A BaseClass: NativeClass:/Script/Landscape.LandscapeStreamingProxy Name:LandscapeStreamingProxy_9JUR0JFLATO5D7KAT7QSOLM0W_124_0_-3_0 Label:LandscapeStreamingProxy_0_-3_0 SpatiallyLoaded:1 Bounds:IsValid=true, Min=(X=-24800.000 Y=-55360.000 Z=100.000), Max=(X=-12400.000 Y=-49160.000 Z=3699.219) RuntimeGrid:None EditorOnly:0 RuntimeOnly:0 HLODRelevant:1
 |   |   |- [+] [ 27]
 |   |   |   |- Guid:A60127694431097D1B077C9BD6F388A4 BaseClass: NativeClass:/Script/Engine.StaticMeshActor Name:StaticMeshActor_UAID_181DEA3371E18C9002_1791611221 Label:Box8 SpatiallyLoaded:1 Bounds:IsValid=true, Min=(X=-4300.000 Y=-36100.000 Z=100.000), Max=(X=-3300.000 Y=-35400.000 Z=600.000) RuntimeGrid:None EditorOnly:0 RuntimeOnly:0 HLODRelevant:0
 |   |   |- [+] [ 28]
 |   |   |   |- Guid:D142E002437EA4708C5DBAAAB269026F BaseClass: NativeClass:/Script/Landscape.LandscapeStreamingProxy Name:LandscapeStreamingProxy_9JUR0JFLATO5D7KAT7QSOLM0W_124_2_-2_0 Label:LandscapeStreamingProxy_2_-2_0 SpatiallyLoaded:1 Bounds:IsValid=true, Min=(X=0.000 Y=-49160.000 Z=-887.500), Max=(X=12400.000 Y=-36760.000 Z=2801.562) RuntimeGrid:None EditorOnly:0 RuntimeOnly:0 HLODRelevant:1
 |   |   |- [+] [ 29]
 |   |   |   |- Guid:34B3E9754B4D491E7B9EBD8DADA3CD94 BaseClass: NativeClass:/Script/Landscape.LandscapeStreamingProxy Name:LandscapeStreamingProxy_9JUR0JFLATO5D7KAT7QSOLM0W_124_2_-1_0 Label:LandscapeStreamingProxy_2_-1_0 SpatiallyLoaded:1 Bounds:IsValid=true, Min=(X=0.000 Y=-36760.000 Z=-854.688), Max=(X=12400.000 Y=-24360.000 Z=10106.250) RuntimeGrid:None EditorOnly:0 RuntimeOnly:0 HLODRelevant:1
 |   |   |- [+] [ 30]
 |   |   |   |- Guid:B785ED2844B84CFB91E7F39FE661CD99 BaseClass: NativeClass:/Script/Engine.DirectionalLight Name:DirectionalLight_0 Label:DirectionalLight SpatiallyLoaded:0 Bounds:IsValid=true, Min=(X=-1048576.000 Y=-1048576.000 Z=-1048576.000), Max=(X=1048576.000 Y=1048576.000 Z=1048576.000) RuntimeGrid:None EditorOnly:0 RuntimeOnly:0 HLODRelevant:0 FolderPath:Lighting FolderGuid:963EC3EB4002CCE9759E2EBA541A873A
 |   |   |- [+] [ 31]
 |   |   |   |- Guid:ED5D2D554F18E475C70AE4AE9AF9D615 BaseClass: NativeClass:/Script/Landscape.LandscapeStreamingProxy Name:LandscapeStreamingProxy_9JUR0JFLATO5D7KAT7QSOLM0W_124_2_-3_0 Label:LandscapeStreamingProxy_2_-3_0 SpatiallyLoaded:1 Bounds:IsValid=true, Min=(X=0.000 Y=-55360.000 Z=50.000), Max=(X=12400.000 Y=-49160.000 Z=3677.344) RuntimeGrid:None EditorOnly:0 RuntimeOnly:0 HLODRelevant:1
 |   |   |- [+] [ 32]
 |   |   |   |- Guid:215B93234785BB1EB3182CAC7A1D2D60 BaseClass: NativeClass:/Script/Engine.StaticMeshActor Name:StaticMeshActor_UAID_181DEA3371E18D9002_1501981401 Label:CubeGridToolOutput5 SpatiallyLoaded:1 Bounds:IsValid=true, Min=(X=-5636.000 Y=-34515.000 Z=100.000), Max=(X=-5386.000 Y=-34450.000 Z=603.125) RuntimeGrid:None EditorOnly:0 RuntimeOnly:0 HLODRelevant:0
 |   |   |- [+] [ 33]
 |   |   |   |- Guid:18A093C04E33F1503D5FC09171723024 BaseClass: NativeClass:/Script/Engine.StaticMeshActor Name:StaticMeshActor_UAID_181DEA3371E18F9002_1172673764 Label:CubeGridToolOutput2 SpatiallyLoaded:1 Bounds:IsValid=true, Min=(X=2254.000 Y=-29555.000 Z=100.000), Max=(X=2504.000 Y=-29490.000 Z=603.125) RuntimeGrid:None EditorOnly:0 RuntimeOnly:0 HLODRelevant:0
 |   |   |- [+] [ 34]
 |   |   |   |- Guid:73D5930147B4AFA1240192BE91D2BE22 BaseClass: NativeClass:/Script/Engine.StaticMeshActor Name:StaticMeshActor_UAID_181DEA3371E1879002_1074535327 Label:Box SpatiallyLoaded:1 Bounds:IsValid=true, Min=(X=-6440.000 Y=-32450.000 Z=100.000), Max=(X=1850.000 Y=-31750.000 Z=600.000) RuntimeGrid:None EditorOnly:0 RuntimeOnly:0 HLODRelevant:0
 |   |   |- [+] [ 35]
 |   |   |   |- Guid:9C0A9C754419BDDBBBA54E9834D6EE05 BaseClass: NativeClass:/Script/Engine.StaticMeshActor Name:StaticMeshActor_UAID_181DEA3371E18F9002_1750173769 Label:Cone6 SpatiallyLoaded:1 Bounds:IsValid=true, Min=(X=7624.896 Y=3700.290 Z=-1149.927), Max=(X=19719.049 Y=16701.523 Z=10140.361) RuntimeGrid:None EditorOnly:0 RuntimeOnly:0 HLODRelevant:0
 |   |   |- [+] [ 36]
 |   |   |   |- Guid:316CF2A6494ACA4C0E4180A87D36AB8F BaseClass: NativeClass:/Script/Engine.ExponentialHeightFog Name:ExponentialHeightFog_0 Label:ExponentialHeightFog SpatiallyLoaded:0 Bounds:IsValid=true, Min=(X=-5600.000 Y=-50.000 Z=-6850.000), Max=(X=-5600.000 Y=-50.000 Z=-6850.000) RuntimeGrid:None EditorOnly:0 RuntimeOnly:0 HLODRelevant:0 FolderPath:Lighting FolderGuid:963EC3EB4002CCE9759E2EBA541A873A
 |   |   |- [+] [ 37]
 |   |   |   |- Guid:82C87B0440D6B4A360439CA095E69F54 BaseClass: NativeClass:/Script/Engine.PlayerStart Name:PlayerStart_UAID_181DEA3371E1879002_1428345333 Label:PlayerStart2 SpatiallyLoaded:0 Bounds:IsValid=true, Min=(X=-2310.000 Y=-31830.000 Z=100.000), Max=(X=-2230.000 Y=-31750.000 Z=284.000) RuntimeGrid:None EditorOnly:0 RuntimeOnly:0 HLODRelevant:0
 |   |   |- [+] [ 38]
 |   |   |   |- Guid:0651F1CB431CC83B48CEFBB6AB4B06B4 BaseClass: NativeClass:/Script/Engine.StaticMeshActor Name:StaticMeshActor_UAID_181DEA3371E18C9002_1736196219 Label:Box6 SpatiallyLoaded:1 Bounds:IsValid=true, Min=(X=-2120.000 Y=-36120.000 Z=100.000), Max=(X=-1120.000 Y=-35420.000 Z=600.000) RuntimeGrid:None EditorOnly:0 RuntimeOnly:0 HLODRelevant:0
 |   |   |- [+] [ 39]
 |   |   |   |- Guid:76C279CF4E228E330F11C099353AF105 BaseClass: NativeClass:/Script/Engine.StaticMeshActor Name:StaticMeshActor_UAID_181DEA3371E18E9002_1900134586 Label:Cone2 SpatiallyLoaded:1 Bounds:IsValid=true, Min=(X=-15985.560 Y=6018.794 Z=-858.350), Max=(X=-3965.346 Y=18102.317 Z=8859.030) RuntimeGrid:None EditorOnly:0 RuntimeOnly:0 HLODRelevant:0
 |   |   |- [+] [ 40]
 |   |   |   |- Guid:414DB7174AFD619D414B2AA83931B746 BaseClass: NativeClass:/Script/Landscape.LandscapeStreamingProxy Name:LandscapeStreamingProxy_9JUR0JFLATO5D7KAT7QSOLM0W_124_0_2_0 Label:LandscapeStreamingProxy_0_2_0 SpatiallyLoaded:1 Bounds:IsValid=true, Min=(X=-24800.000 Y=440.000 Z=100.000), Max=(X=-12400.000 Y=12840.000 Z=4864.062) RuntimeGrid:None EditorOnly:0 RuntimeOnly:0 HLODRelevant:1
 |   |   |- [+] [ 41]
 |   |   |   |- Guid:2FB58999456391D349DC0F86DAC136ED BaseClass: NativeClass:/Script/Engine.SkyLight Name:SkyLight_1 Label:SkyLight SpatiallyLoaded:0 Bounds:IsValid=true, Min=(X=0.000 Y=0.000 Z=690.000), Max=(X=0.000 Y=0.000 Z=690.000) RuntimeGrid:None EditorOnly:0 RuntimeOnly:0 HLODRelevant:0 FolderPath:Lighting FolderGuid:963EC3EB4002CCE9759E2EBA541A873A
 |   |   |- [+] [ 42]
 |   |   |   |- Guid:51444571414DE35792F8D79884A60B68 BaseClass: NativeClass:/Script/Engine.StaticMeshActor Name:StaticMeshActor_UAID_181DEA3371E18F9002_1657187767 Label:Cone5 SpatiallyLoaded:1 Bounds:IsValid=true, Min=(X=-17873.417 Y=7123.655 Z=-35.920), Max=(X=-6441.012 Y=18668.301 Z=7715.882) RuntimeGrid:None EditorOnly:0 RuntimeOnly:0 HLODRelevant:0
 |   |   |- [+] [ 43]
 |   |   |   |- Guid:6E10273940FAA1665FFF0F8DB8CBBEEC BaseClass: NativeClass:/Script/Landscape.LandscapeStreamingProxy Name:LandscapeStreamingProxy_9JUR0JFLATO5D7KAT7QSOLM0W_124_2_2_0 Label:LandscapeStreamingProxy_2_2_0 SpatiallyLoaded:1 Bounds:IsValid=true, Min=(X=0.000 Y=440.000 Z=-3671.875), Max=(X=12400.000 Y=12840.000 Z=2989.062) RuntimeGrid:None EditorOnly:0 RuntimeOnly:0 HLODRelevant:1
 |   |   |- [+] [ 44]
 |   |   |   |- Guid:D48221D34F4CBE85C104B8B311870320 BaseClass: NativeClass:/Script/Landscape.LandscapeStreamingProxy Name:LandscapeStreamingProxy_9JUR0JFLATO5D7KAT7QSOLM0W_124_5_-3_0 Label:LandscapeStreamingProxy_5_-3_0 SpatiallyLoaded:1 Bounds:IsValid=true, Min=(X=37200.000 Y=-61560.000 Z=100.000), Max=(X=37200.000 Y=-61560.000 Z=100.000) RuntimeGrid:None EditorOnly:0 RuntimeOnly:0 HLODRelevant:0
 |   |   |- [+] [ 45]
 |   |   |   |- Guid:9B1B05574FAB670284BBAD852F19D253 BaseClass: NativeClass:/Script/Landscape.LandscapeStreamingProxy Name:LandscapeStreamingProxy_9JUR0JFLATO5D7KAT7QSOLM0W_124_1_3_0 Label:LandscapeStreamingProxy_1_3_0 SpatiallyLoaded:1 Bounds:IsValid=true, Min=(X=-12400.000 Y=12840.000 Z=100.000), Max=(X=0.000 Y=25240.000 Z=4662.500) RuntimeGrid:None EditorOnly:0 RuntimeOnly:0 HLODRelevant:1
 |   |   |- [+] [ 46]
 |   |   |   |- Guid:4FEFA05041E0A73A16CD8599CDC795FE BaseClass: NativeClass:/Script/Landscape.LandscapeStreamingProxy Name:LandscapeStreamingProxy_9JUR0JFLATO5D7KAT7QSOLM0W_124_1_1_0 Label:LandscapeStreamingProxy_1_1_0 SpatiallyLoaded:1 Bounds:IsValid=true, Min=(X=-12400.000 Y=-11960.000 Z=-812.500), Max=(X=0.000 Y=440.000 Z=11154.688) RuntimeGrid:None EditorOnly:0 RuntimeOnly:0 HLODRelevant:1
 |   |   |- [+] [ 47]
 |   |   |   |- Guid:6C45912E4C5A1EAB92B74095F5A2BA0A BaseClass: NativeClass:/Script/Engine.StaticMeshActor Name:StaticMeshActor_UAID_181DEA3371E18D9002_1468663399 Label:CubeGridToolOutput4 SpatiallyLoaded:1 Bounds:IsValid=true, Min=(X=-7066.000 Y=-28305.000 Z=100.000), Max=(X=-6816.000 Y=-28240.000 Z=603.125) RuntimeGrid:None EditorOnly:0 RuntimeOnly:0 HLODRelevant:0
 |   |   |- [+] [ 48]
 |   |   |   |- Guid:1855DF16422978AFCA753C8200C32370 BaseClass: NativeClass:/Script/Landscape.LandscapeStreamingProxy Name:LandscapeStreamingProxy_9JUR0JFLATO5D7KAT7QSOLM0W_124_0_-1_0 Label:LandscapeStreamingProxy_0_-1_0 SpatiallyLoaded:1 Bounds:IsValid=true, Min=(X=-24800.000 Y=-36760.000 Z=100.000), Max=(X=-12400.000 Y=-24360.000 Z=7990.625) RuntimeGrid:None EditorOnly:0 RuntimeOnly:0 HLODRelevant:1
 |   |   |- [+] [ 49]
 |   |   |   |- Guid:6D7994E444FA50BB39366682542B6D75 BaseClass: NativeClass:/Script/Engine.StaticMeshActor Name:StaticMeshActor_UAID_181DEA3371E1829002_1491444439 Label:Cube SpatiallyLoaded:1 Bounds:IsValid=true, Min=(X=1700.000 Y=-8900.000 Z=150.000), Max=(X=1800.000 Y=-8800.000 Z=250.000) RuntimeGrid:None EditorOnly:0 RuntimeOnly:0 HLODRelevant:0
 |   |   |- [+] [ 50]
 |   |   |   |- Guid:72984E694A2B36E7FBA088BA7920CA42 BaseClass: NativeClass:/Script/Engine.StaticMeshActor Name:StaticMeshActor_UAID_181DEA3371E18D9002_1351265398 Label:CubeGridToolOutput3 SpatiallyLoaded:1 Bounds:IsValid=true, Min=(X=-2650.000 Y=-32550.000 Z=100.000), Max=(X=-2350.000 Y=-32275.000 Z=200.000) RuntimeGrid:None EditorOnly:0 RuntimeOnly:0 HLODRelevant:0
 |   |   |- [+] [ 51]
 |   |   |   |- Guid:780872E44BF54375F34DE6B80F0F66D5 BaseClass: NativeClass:/Script/Landscape.LandscapeStreamingProxy Name:LandscapeStreamingProxy_9JUR0JFLATO5D7KAT7QSOLM0W_124_0_0_0 Label:LandscapeStreamingProxy_0_0_0 SpatiallyLoaded:1 Bounds:IsValid=true, Min=(X=-24800.000 Y=-24360.000 Z=103.125), Max=(X=-12400.000 Y=-11960.000 Z=10508.594) RuntimeGrid:None EditorOnly:0 RuntimeOnly:0 HLODRelevant:1
 |   |   |- [+] [ 52]
 |   |   |   |- Guid:737EDDC9462669D1F95CFC8E2FF60D76 BaseClass: NativeClass:/Script/Engine.StaticMeshActor Name:StaticMeshActor_UAID_181DEA3371E18F9002_1840976771 Label:Arrow2 SpatiallyLoaded:1 Bounds:IsValid=true, Min=(X=-7599.862 Y=3920.602 Z=409.384), Max=(X=-6529.610 Y=5153.021 Z=3503.684) RuntimeGrid:None EditorOnly:0 RuntimeOnly:0 HLODRelevant:0
 |   |   |- [+] [ 53]
 |   |   |   |- Guid:F7FF3E67442F4031E3F27592DDC08DEB BaseClass: NativeClass:/Script/Landscape.LandscapeStreamingProxy Name:LandscapeStreamingProxy_9JUR0JFLATO5D7KAT7QSOLM0W_124_2_0_0 Label:LandscapeStreamingProxy_2_0_0 SpatiallyLoaded:1 Bounds:IsValid=true, Min=(X=0.000 Y=-24360.000 Z=-15.625), Max=(X=12400.000 Y=-11960.000 Z=12621.094) RuntimeGrid:None EditorOnly:0 RuntimeOnly:0 HLODRelevant:1
 |   |   |- [+] [ 54]
 |   |   |   |- Guid:D19F86EE4E439E9DF050718677B2DB54 BaseClass: NativeClass:/Script/Landscape.LandscapeStreamingProxy Name:LandscapeStreamingProxy_9JUR0JFLATO5D7KAT7QSOLM0W_124_1_-1_0 Label:LandscapeStreamingProxy_1_-1_0 SpatiallyLoaded:1 Bounds:IsValid=true, Min=(X=-12400.000 Y=-36760.000 Z=0.000), Max=(X=0.000 Y=-24360.000 Z=12760.156) RuntimeGrid:None EditorOnly:0 RuntimeOnly:0 HLODRelevant:1
 |   |   |- [+] [ 55]
 |   |   |   |- Guid:D9C254F24EA24097601515AE4154611A BaseClass: NativeClass:/Script/Landscape.LandscapeStreamingProxy Name:LandscapeStreamingProxy_9JUR0JFLATO5D7KAT7QSOLM0W_124_3_-1_0 Label:LandscapeStreamingProxy_3_-1_0 SpatiallyLoaded:1 Bounds:IsValid=true, Min=(X=12400.000 Y=-36760.000 Z=-690.625), Max=(X=24800.000 Y=-24360.000 Z=2499.219) RuntimeGrid:None EditorOnly:0 RuntimeOnly:0 HLODRelevant:1
 |   |   |- [+] [ 56]
 |   |   |   |- Guid:5C95B0494FBEEF423B29399F6CC0024E BaseClass: NativeClass:/Script/Landscape.LandscapeStreamingProxy Name:LandscapeStreamingProxy_9JUR0JFLATO5D7KAT7QSOLM0W_124_4_-3_0 Label:LandscapeStreamingProxy_4_-3_0 SpatiallyLoaded:1 Bounds:IsValid=true, Min=(X=24800.000 Y=-61560.000 Z=100.000), Max=(X=24800.000 Y=-61560.000 Z=100.000) RuntimeGrid:None EditorOnly:0 RuntimeOnly:0 HLODRelevant:0
 |   |   |- [+] [ 57]
 |   |   |   |- Guid:47966515432F8E62241B9684C520F28C BaseClass: NativeClass:/Script/Engine.StaticMeshActor Name:StaticMeshActor_UAID_181DEA3371E18F9002_1194706765 Label:CubeGridToolOutput3 SpatiallyLoaded:1 Bounds:IsValid=true, Min=(X=-6556.000 Y=-34815.000 Z=100.000), Max=(X=-6306.000 Y=-34750.000 Z=603.125) RuntimeGrid:None EditorOnly:0 RuntimeOnly:0 HLODRelevant:0
 |   |   |- [+] [ 58]
 |   |   |   |- Guid:A29176A34B9E919861D3418B883CCD93 BaseClass: NativeClass:/Script/Landscape.LandscapeStreamingProxy Name:LandscapeStreamingProxy_9JUR0JFLATO5D7KAT7QSOLM0W_124_1_0_0 Label:LandscapeStreamingProxy_1_0_0 SpatiallyLoaded:1 Bounds:IsValid=true, Min=(X=-12400.000 Y=-24360.000 Z=28.906), Max=(X=0.000 Y=-11960.000 Z=12760.156) RuntimeGrid:None EditorOnly:0 RuntimeOnly:0 HLODRelevant:1
 |   |   |- [+] [ 59]
 |   |   |   |- Guid:A48629D44FCD7B803CA0B08126B8CF55 BaseClass: NativeClass:/Script/Landscape.LandscapeStreamingProxy Name:LandscapeStreamingProxy_9JUR0JFLATO5D7KAT7QSOLM0W_124_2_3_0 Label:LandscapeStreamingProxy_2_3_0 SpatiallyLoaded:1 Bounds:IsValid=true, Min=(X=0.000 Y=12840.000 Z=108.594), Max=(X=12400.000 Y=25240.000 Z=3807.031) RuntimeGrid:None EditorOnly:0 RuntimeOnly:0 HLODRelevant:1
 |   |   |- [+] [ 60]
 |   |   |   |- Guid:0D149B454162964F1A311ABE892240AC BaseClass: NativeClass:/Script/Landscape.LandscapeStreamingProxy Name:LandscapeStreamingProxy_9JUR0JFLATO5D7KAT7QSOLM0W_124_3_1_0 Label:LandscapeStreamingProxy_3_1_0 SpatiallyLoaded:1 Bounds:IsValid=true, Min=(X=12400.000 Y=-11960.000 Z=23.438), Max=(X=24800.000 Y=440.000 Z=6189.844) RuntimeGrid:None EditorOnly:0 RuntimeOnly:0 HLODRelevant:1
 |   |   |- [+] [ 61]
 |   |   |   |- Guid:B6717FE04FB4168F2720B3B577A39B77 BaseClass: NativeClass:/Script/Landscape.LandscapeStreamingProxy Name:LandscapeStreamingProxy_9JUR0JFLATO5D7KAT7QSOLM0W_124_1_2_0 Label:LandscapeStreamingProxy_1_2_0 SpatiallyLoaded:1 Bounds:IsValid=true, Min=(X=-12400.000 Y=440.000 Z=-2510.156), Max=(X=0.000 Y=12840.000 Z=2207.812) RuntimeGrid:None EditorOnly:0 RuntimeOnly:0 HLODRelevant:1
 |   |   |- [+] [ 62]
 |   |   |   |- Guid:ACCEB0A14960EA8DEE6C86A6B922477F BaseClass: NativeClass:/Script/Engine.StaticMeshActor Name:StaticMeshActor_UAID_181DEA3371E1879002_1913638335 Label:CubeGridToolOutput SpatiallyLoaded:1 Bounds:IsValid=true, Min=(X=2244.000 Y=-34825.000 Z=100.000), Max=(X=2494.000 Y=-34760.000 Z=603.125) RuntimeGrid:None EditorOnly:0 RuntimeOnly:0 HLODRelevant:0
 |   |   |- [+] [ 63]
 |   |   |   |- Guid:812B30DE43F393B6F9CE91805495AA9B BaseClass: NativeClass:/Script/Engine.StaticMeshActor Name:StaticMeshActor_UAID_181DEA3371E18D9002_1664762403 Label:Box10 SpatiallyLoaded:1 Bounds:IsValid=true, Min=(X=1470.000 Y=-13260.000 Z=100.000), Max=(X=2470.000 Y=-12560.000 Z=600.000) RuntimeGrid:None EditorOnly:0 RuntimeOnly:0 HLODRelevant:0
 |   |   |- [+] [ 64]
 |   |   |   |- Guid:A0715A93418003F1519DCE80DAC8BB32 BaseClass: NativeClass:/Script/Engine.StaticMeshActor Name:StaticMeshActor_UAID_181DEA3371E1879002_1125039330 Label:Box3 SpatiallyLoaded:1 Bounds:IsValid=true, Min=(X=-5090.000 Y=-29850.000 Z=100.000), Max=(X=-4090.000 Y=-29150.000 Z=600.000) RuntimeGrid:None EditorOnly:0 RuntimeOnly:0 HLODRelevant:0
 |   |   |- [+] [ 65]
 |   |   |   |- Guid:F056E6004DA189E943C1B4A4BEA2DF9A BaseClass: NativeClass:/Script/Landscape.LandscapeStreamingProxy Name:LandscapeStreamingProxy_9JUR0JFLATO5D7KAT7QSOLM0W_124_-1_-2_0 Label:LandscapeStreamingProxy_-1_-2_0 SpatiallyLoaded:1 Bounds:IsValid=true, Min=(X=-37200.000 Y=-49160.000 Z=100.000), Max=(X=-37200.000 Y=-49160.000 Z=100.000) RuntimeGrid:None EditorOnly:0 RuntimeOnly:0 HLODRelevant:0
 |   |   |- [+] [ 66]
 |   |   |   |- Guid:98277CB743F244E5DC254A848729A9E3 BaseClass: NativeClass:/Script/Engine.StaticMeshActor Name:StaticMeshActor_UAID_181DEA3371E18C9002_1770818220 Label:Box7 SpatiallyLoaded:1 Bounds:IsValid=true, Min=(X=-3210.000 Y=-36110.000 Z=100.000), Max=(X=-2210.000 Y=-35410.000 Z=600.000) RuntimeGrid:None EditorOnly:0 RuntimeOnly:0 HLODRelevant:0
 |   |   |- [+] [ 67]
 |   |   |   |- Guid:6029E67C4FD2AD9147A277B935B90F36 BaseClass: NativeClass:/Script/Engine.StaticMeshActor Name:StaticMeshActor_UAID_181DEA3371E18F9002_1828844770 Label:Arrow SpatiallyLoaded:1 Bounds:IsValid=true, Min=(X=14570.134 Y=3431.716 Z=103.987), Max=(X=15639.447 Y=4755.502 Z=3220.321) RuntimeGrid:None EditorOnly:0 RuntimeOnly:0 HLODRelevant:0
 |   |   |- [+] [ 68]
 |   |   |   |- Guid:C34FC14E4CD92C2E391B9184E154C148 BaseClass: NativeClass:/Script/Landscape.LandscapeStreamingProxy Name:LandscapeStreamingProxy_9JUR0JFLATO5D7KAT7QSOLM0W_124_3_-2_0 Label:LandscapeStreamingProxy_3_-2_0 SpatiallyLoaded:1 Bounds:IsValid=true, Min=(X=12400.000 Y=-49160.000 Z=-674.219), Max=(X=24800.000 Y=-36760.000 Z=3989.062) RuntimeGrid:None EditorOnly:0 RuntimeOnly:0 HLODRelevant:1
 |   |   |- [+] [ 69]
 |   |   |   |- Guid:F69E7CB5499D62C2BCA76C9EA7443AD6 BaseClass: NativeClass:/Script/Engine.StaticMeshActor Name:StaticMeshActor_UAID_181DEA3371E18E9002_1669373583 Label:CubeGridToolOutput6 SpatiallyLoaded:1 Bounds:IsValid=true, Min=(X=14187.500 Y=2512.500 Z=287.500), Max=(X=14725.000 Y=3050.000 Z=2662.500) RuntimeGrid:None EditorOnly:0 RuntimeOnly:0 HLODRelevant:0
 |   |   |- [+] [ 70]
 |   |   |   |- Guid:F2E43FE94C6D294D450B91A026DB60E6 BaseClass: NativeClass:/Script/Engine.StaticMeshActor Name:StaticMeshActor_UAID_F854F6DC2ADC989002_1230335311 Label:pyramid SpatiallyLoaded:1 Bounds:IsValid=true, Min=(X=850.004 Y=13753.243 Z=190.611), Max=(X=5583.928 Y=18487.167 Z=2340.985) RuntimeGrid:None EditorOnly:0 RuntimeOnly:0 HLODRelevant:1
 |- ContainerInstances:
 |- [+] MainContainer:
 |   |-        ID: 0x0000000000000000
 |   |-    Bounds: IsValid=false, Min=(X=0.000 Y=0.000 Z=0.000), Max=(X=0.000 Y=0.000 Z=0.000)
 |   |- Transform: 0.000000,0.000000,0.000000|0.000000,0.000000,-0.000000|1.000000,1.000000,1.000000
 |   |- Container: /Game/ThirdPerson/Maps/ThirdPersonMap
----------------------------------------------------------------------------------------------------------------
ThirdPersonMap - Persistent Level
----------------------------------------------------------------------------------------------------------------
Always loaded Actor Count: 79 

----------------------------------------------------------------------------------------------------------------
ThirdPersonMap - Runtime Spatial Hash - Streaming Grid - MainGrid
----------------------------------------------------------------------------------------------------------------
            Origin: X=0.000 Y=0.000 Z=0.000
         Cell Size: 12800
      World Bounds: IsValid=false, Min=(X=0.000 Y=0.000 Z=0.000), Max=(X=0.000 Y=0.000 Z=0.000)
     Loading Range: 25600.00
Block Slow Loading: No
 ClientOnlyVisible: No

[+] Grid Levels: 1
 |- Level  0: Cell Count    0 | Cell Size   12800 | Actor Count    0 (0.0%)

[+] Content of Grid Level 0

