[+] Containers:
 |- [+] Container: /Game/ThirdPerson/Maps/ThirdPersonMap
 |   |- [+] ActorDescs:
 |   |   |- Guid:0A9E30E2474E126D9C37F7BC9BAEB934 BaseClass: NativeClass:/Script/Landscape.LandscapeStreamingProxy Name:LandscapeStreamingProxy_9JUR0JFLATO5D7KAT7QSOLM0W_124_-1_-1_0 Label:LandscapeStreamingProxy_-1_-1_0 SpatiallyLoaded:1 Bounds:IsValid=true, Min=(X=-37200.000 Y=-36760.000 Z=100.000), Max=(X=-37200.000 Y=-36760.000 Z=100.000) RuntimeGrid:None EditorOnly:0 RuntimeOnly:0 HLODRelevant:0
 |   |   |- Guid:0B9B730245BC9FA1A1AA129B0A4D6BD7 BaseClass: NativeClass:/Script/Landscape.LandscapeStreamingProxy Name:LandscapeStreamingProxy_9JUR0JFLATO5D7KAT7QSOLM0W_124_1_-2_0 Label:LandscapeStreamingProxy_1_-2_0 SpatiallyLoaded:1 Bounds:IsValid=true, Min=(X=-12400.000 Y=-49160.000 Z=0.000), Max=(X=0.000 Y=-36760.000 Z=3165.625) RuntimeGrid:None EditorOnly:0 RuntimeOnly:0 HLODRelevant:1
 |   |   |- Guid:0D149B454162964F1A311ABE892240AC BaseClass: NativeClass:/Script/Landscape.LandscapeStreamingProxy Name:LandscapeStreamingProxy_9JUR0JFLATO5D7KAT7QSOLM0W_124_3_1_0 Label:LandscapeStreamingProxy_3_1_0 SpatiallyLoaded:1 Bounds:IsValid=true, Min=(X=12400.000 Y=-11960.000 Z=23.438), Max=(X=24800.000 Y=440.000 Z=6189.844) RuntimeGrid:None EditorOnly:0 RuntimeOnly:0 HLODRelevant:1
 |   |   |- Guid:1855DF16422978AFCA753C8200C32370 BaseClass: NativeClass:/Script/Landscape.LandscapeStreamingProxy Name:LandscapeStreamingProxy_9JUR0JFLATO5D7KAT7QSOLM0W_124_0_-1_0 Label:LandscapeStreamingProxy_0_-1_0 SpatiallyLoaded:1 Bounds:IsValid=true, Min=(X=-24800.000 Y=-36760.000 Z=100.000), Max=(X=-12400.000 Y=-24360.000 Z=7990.625) RuntimeGrid:None EditorOnly:0 RuntimeOnly:0 HLODRelevant:1
 |   |   |- Guid:18F099CE49022DD6A23C29BDDBC9EFB2 BaseClass: NativeClass:/Script/Landscape.LandscapeStreamingProxy Name:LandscapeStreamingProxy_9JUR0JFLATO5D7KAT7QSOLM0W_124_0_-2_0 Label:LandscapeStreamingProxy_0_-2_0 SpatiallyLoaded:1 Bounds:IsValid=true, Min=(X=-24800.000 Y=-49160.000 Z=100.000), Max=(X=-12400.000 Y=-36760.000 Z=3181.250) RuntimeGrid:None EditorOnly:0 RuntimeOnly:0 HLODRelevant:1
 |   |   |- Guid:288F6B8B4C5CCC714D6D509F6BE6C066 BaseClass: NativeClass:/Script/Landscape.LandscapeStreamingProxy Name:LandscapeStreamingProxy_9JUR0JFLATO5D7KAT7QSOLM0W_124_0_3_0 Label:LandscapeStreamingProxy_0_3_0 SpatiallyLoaded:1 Bounds:IsValid=true, Min=(X=-24800.000 Y=12840.000 Z=321.094), Max=(X=-12400.000 Y=25240.000 Z=4959.375) RuntimeGrid:None EditorOnly:0 RuntimeOnly:0 HLODRelevant:1
 |   |   |- Guid:2FB58999456391D349DC0F86DAC136ED BaseClass: NativeClass:/Script/Engine.SkyLight Name:SkyLight_1 Label:SkyLight SpatiallyLoaded:0 Bounds:IsValid=true, Min=(X=0.000 Y=0.000 Z=690.000), Max=(X=0.000 Y=0.000 Z=690.000) RuntimeGrid:None EditorOnly:0 RuntimeOnly:0 HLODRelevant:0 FolderPath:Lighting FolderGuid:963EC3EB4002CCE9759E2EBA541A873A
 |   |   |- Guid:316CF2A6494ACA4C0E4180A87D36AB8F BaseClass: NativeClass:/Script/Engine.ExponentialHeightFog Name:ExponentialHeightFog_0 Label:ExponentialHeightFog SpatiallyLoaded:0 Bounds:IsValid=true, Min=(X=-5600.000 Y=-50.000 Z=-6850.000), Max=(X=-5600.000 Y=-50.000 Z=-6850.000) RuntimeGrid:None EditorOnly:0 RuntimeOnly:0 HLODRelevant:0 FolderPath:Lighting FolderGuid:963EC3EB4002CCE9759E2EBA541A873A
 |   |   |- Guid:34B3E9754B4D491E7B9EBD8DADA3CD94 BaseClass: NativeClass:/Script/Landscape.LandscapeStreamingProxy Name:LandscapeStreamingProxy_9JUR0JFLATO5D7KAT7QSOLM0W_124_2_-1_0 Label:LandscapeStreamingProxy_2_-1_0 SpatiallyLoaded:1 Bounds:IsValid=true, Min=(X=0.000 Y=-36760.000 Z=-854.688), Max=(X=12400.000 Y=-24360.000 Z=10106.250) RuntimeGrid:None EditorOnly:0 RuntimeOnly:0 HLODRelevant:1
 |   |   |- Guid:3A00AA1C422CE54C0BDB60BAF471BFBB BaseClass: NativeClass:/Script/Engine.PlayerStart Name:PlayerStart_0 Label:PlayerStart SpatiallyLoaded:0 Bounds:IsValid=true, Min=(X=860.000 Y=-8740.000 Z=760.013), Max=(X=940.000 Y=-8660.000 Z=944.013) RuntimeGrid:None EditorOnly:0 RuntimeOnly:0 HLODRelevant:0
 |   |   |- Guid:414DB7174AFD619D414B2AA83931B746 BaseClass: NativeClass:/Script/Landscape.LandscapeStreamingProxy Name:LandscapeStreamingProxy_9JUR0JFLATO5D7KAT7QSOLM0W_124_0_2_0 Label:LandscapeStreamingProxy_0_2_0 SpatiallyLoaded:1 Bounds:IsValid=true, Min=(X=-24800.000 Y=440.000 Z=100.000), Max=(X=-12400.000 Y=12840.000 Z=4864.062) RuntimeGrid:None EditorOnly:0 RuntimeOnly:0 HLODRelevant:1
 |   |   |- Guid:44934CD74A412E8A55BD20B2E1DE7A58 BaseClass: NativeClass:/Script/Landscape.LandscapeStreamingProxy Name:LandscapeStreamingProxy_9JUR0JFLATO5D7KAT7QSOLM0W_124_3_2_0 Label:LandscapeStreamingProxy_3_2_0 SpatiallyLoaded:1 Bounds:IsValid=true, Min=(X=12400.000 Y=440.000 Z=-105.469), Max=(X=24800.000 Y=12840.000 Z=3270.312) RuntimeGrid:None EditorOnly:0 RuntimeOnly:0 HLODRelevant:1
 |   |   |- Guid:4D3BE93F4146AAAC8BBE79999D96D57F BaseClass: NativeClass:/Script/Engine.VolumetricCloud Name:VolumetricCloud_0 Label:VolumetricCloud SpatiallyLoaded:0 Bounds:IsValid=true, Min=(X=0.000 Y=0.000 Z=820.000), Max=(X=0.000 Y=0.000 Z=820.000) RuntimeGrid:None EditorOnly:0 RuntimeOnly:0 HLODRelevant:0 FolderPath:Lighting FolderGuid:963EC3EB4002CCE9759E2EBA541A873A
 |   |   |- Guid:4FEFA05041E0A73A16CD8599CDC795FE BaseClass: NativeClass:/Script/Landscape.LandscapeStreamingProxy Name:LandscapeStreamingProxy_9JUR0JFLATO5D7KAT7QSOLM0W_124_1_1_0 Label:LandscapeStreamingProxy_1_1_0 SpatiallyLoaded:1 Bounds:IsValid=true, Min=(X=-12400.000 Y=-11960.000 Z=-812.500), Max=(X=0.000 Y=440.000 Z=11154.688) RuntimeGrid:None EditorOnly:0 RuntimeOnly:0 HLODRelevant:1
 |   |   |- Guid:5C95B0494FBEEF423B29399F6CC0024E BaseClass: NativeClass:/Script/Landscape.LandscapeStreamingProxy Name:LandscapeStreamingProxy_9JUR0JFLATO5D7KAT7QSOLM0W_124_4_-3_0 Label:LandscapeStreamingProxy_4_-3_0 SpatiallyLoaded:1 Bounds:IsValid=true, Min=(X=24800.000 Y=-61560.000 Z=100.000), Max=(X=24800.000 Y=-61560.000 Z=100.000) RuntimeGrid:None EditorOnly:0 RuntimeOnly:0 HLODRelevant:0
 |   |   |- Guid:646533DE45C8D473B1124C997F4D1C9A BaseClass: NativeClass:/Script/Landscape.LandscapeStreamingProxy Name:LandscapeStreamingProxy_9JUR0JFLATO5D7KAT7QSOLM0W_124_0_-3_0 Label:LandscapeStreamingProxy_0_-3_0 SpatiallyLoaded:1 Bounds:IsValid=true, Min=(X=-24800.000 Y=-55360.000 Z=100.000), Max=(X=-12400.000 Y=-49160.000 Z=3699.219) RuntimeGrid:None EditorOnly:0 RuntimeOnly:0 HLODRelevant:1
 |   |   |- Guid:6BAF4DDD444C60371492D3919DB42C97 BaseClass: NativeClass:/Script/Engine.WorldDataLayers Name:WorldDataLayers Label:WorldDataLayers SpatiallyLoaded:0 Bounds:IsValid=true, Min=(X=0.000 Y=0.000 Z=0.000), Max=(X=0.000 Y=0.000 Z=0.000) RuntimeGrid:None EditorOnly:0 RuntimeOnly:0 HLODRelevant:0
 |   |   |- Guid:6BBF7BB34EC065D221CF2A91CCB6E996 BaseClass: NativeClass:/Script/Landscape.LandscapeStreamingProxy Name:LandscapeStreamingProxy_9JUR0JFLATO5D7KAT7QSOLM0W_124_2_1_0 Label:LandscapeStreamingProxy_2_1_0 SpatiallyLoaded:1 Bounds:IsValid=true, Min=(X=0.000 Y=-11960.000 Z=-1606.250), Max=(X=12400.000 Y=440.000 Z=10906.250) RuntimeGrid:None EditorOnly:0 RuntimeOnly:0 HLODRelevant:1
 |   |   |- Guid:6D7994E444FA50BB39366682542B6D75 BaseClass: NativeClass:/Script/Engine.StaticMeshActor Name:StaticMeshActor_UAID_181DEA3371E1829002_1491444439 Label:Cube SpatiallyLoaded:1 Bounds:IsValid=true, Min=(X=1700.000 Y=-8900.000 Z=150.000), Max=(X=1800.000 Y=-8800.000 Z=250.000) RuntimeGrid:None EditorOnly:0 RuntimeOnly:0 HLODRelevant:0
 |   |   |- Guid:6E10273940FAA1665FFF0F8DB8CBBEEC BaseClass: NativeClass:/Script/Landscape.LandscapeStreamingProxy Name:LandscapeStreamingProxy_9JUR0JFLATO5D7KAT7QSOLM0W_124_2_2_0 Label:LandscapeStreamingProxy_2_2_0 SpatiallyLoaded:1 Bounds:IsValid=true, Min=(X=0.000 Y=440.000 Z=-3671.875), Max=(X=12400.000 Y=12840.000 Z=2989.062) RuntimeGrid:None EditorOnly:0 RuntimeOnly:0 HLODRelevant:1
 |   |   |- Guid:780872E44BF54375F34DE6B80F0F66D5 BaseClass: NativeClass:/Script/Landscape.LandscapeStreamingProxy Name:LandscapeStreamingProxy_9JUR0JFLATO5D7KAT7QSOLM0W_124_0_0_0 Label:LandscapeStreamingProxy_0_0_0 SpatiallyLoaded:1 Bounds:IsValid=true, Min=(X=-24800.000 Y=-24360.000 Z=103.125), Max=(X=-12400.000 Y=-11960.000 Z=10508.594) RuntimeGrid:None EditorOnly:0 RuntimeOnly:0 HLODRelevant:1
 |   |   |- Guid:7D58FAB642BFEFBDE4DF6EB09B4B8A86 BaseClass: NativeClass:/Script/Landscape.LandscapeStreamingProxy Name:LandscapeStreamingProxy_9JUR0JFLATO5D7KAT7QSOLM0W_124_3_3_0 Label:LandscapeStreamingProxy_3_3_0 SpatiallyLoaded:1 Bounds:IsValid=true, Min=(X=12400.000 Y=12840.000 Z=614.062), Max=(X=24800.000 Y=25240.000 Z=6557.812) RuntimeGrid:None EditorOnly:0 RuntimeOnly:0 HLODRelevant:1
 |   |   |- Guid:82B29C664F2ED0A9103EFFA67E406819 BaseClass: NativeClass:/Script/Landscape.Landscape Name:Landscape_UAID_D493902F39D4EE8D02_1405286280 Label:Landscape SpatiallyLoaded:0 Bounds:IsValid=true, Min=(X=-24800.000 Y=-24360.000 Z=100.000), Max=(X=-24800.000 Y=-24360.000 Z=100.000) RuntimeGrid:None EditorOnly:0 RuntimeOnly:0 HLODRelevant:0
 |   |   |- Guid:85A554FF443DCA281BD2139C0323B9F9 BaseClass: NativeClass:/Script/Landscape.LandscapeStreamingProxy Name:LandscapeStreamingProxy_9JUR0JFLATO5D7KAT7QSOLM0W_124_1_-3_0 Label:LandscapeStreamingProxy_1_-3_0 SpatiallyLoaded:1 Bounds:IsValid=true, Min=(X=-12400.000 Y=-55360.000 Z=100.000), Max=(X=0.000 Y=-49160.000 Z=3807.031) RuntimeGrid:None EditorOnly:0 RuntimeOnly:0 HLODRelevant:1
 |   |   |- Guid:8B66080D451A775C3C476ABF62EC3414 BaseClass: NativeClass:/Script/Landscape.LandscapeStreamingProxy Name:LandscapeStreamingProxy_9JUR0JFLATO5D7KAT7QSOLM0W_124_3_-3_0 Label:LandscapeStreamingProxy_3_-3_0 SpatiallyLoaded:1 Bounds:IsValid=true, Min=(X=12400.000 Y=-55360.000 Z=85.156), Max=(X=24800.000 Y=-49160.000 Z=2037.500) RuntimeGrid:None EditorOnly:0 RuntimeOnly:0 HLODRelevant:1
 |   |   |- Guid:98A196C94567086248D260A91D1A7E93 BaseClass: NativeClass:/Script/Landscape.LandscapeStreamingProxy Name:LandscapeStreamingProxy_9JUR0JFLATO5D7KAT7QSOLM0W_124_0_1_0 Label:LandscapeStreamingProxy_0_1_0 SpatiallyLoaded:1 Bounds:IsValid=true, Min=(X=-24800.000 Y=-11960.000 Z=100.000), Max=(X=-12400.000 Y=440.000 Z=7108.594) RuntimeGrid:None EditorOnly:0 RuntimeOnly:0 HLODRelevant:1
 |   |   |- Guid:99B7E65F4CBAE102B24B9A9D57A5055E BaseClass: NativeClass:/Script/Landscape.LandscapeStreamingProxy Name:LandscapeStreamingProxy_9JUR0JFLATO5D7KAT7QSOLM0W_124_3_0_0 Label:LandscapeStreamingProxy_3_0_0 SpatiallyLoaded:1 Bounds:IsValid=true, Min=(X=12400.000 Y=-24360.000 Z=21.875), Max=(X=24800.000 Y=-11960.000 Z=9342.969) RuntimeGrid:None EditorOnly:0 RuntimeOnly:0 HLODRelevant:1
 |   |   |- Guid:9B1B05574FAB670284BBAD852F19D253 BaseClass: NativeClass:/Script/Landscape.LandscapeStreamingProxy Name:LandscapeStreamingProxy_9JUR0JFLATO5D7KAT7QSOLM0W_124_1_3_0 Label:LandscapeStreamingProxy_1_3_0 SpatiallyLoaded:1 Bounds:IsValid=true, Min=(X=-12400.000 Y=12840.000 Z=100.000), Max=(X=0.000 Y=25240.000 Z=4662.500) RuntimeGrid:None EditorOnly:0 RuntimeOnly:0 HLODRelevant:1
 |   |   |- Guid:A29176A34B9E919861D3418B883CCD93 BaseClass: NativeClass:/Script/Landscape.LandscapeStreamingProxy Name:LandscapeStreamingProxy_9JUR0JFLATO5D7KAT7QSOLM0W_124_1_0_0 Label:LandscapeStreamingProxy_1_0_0 SpatiallyLoaded:1 Bounds:IsValid=true, Min=(X=-12400.000 Y=-24360.000 Z=28.906), Max=(X=0.000 Y=-11960.000 Z=12760.156) RuntimeGrid:None EditorOnly:0 RuntimeOnly:0 HLODRelevant:1
 |   |   |- Guid:A48629D44FCD7B803CA0B08126B8CF55 BaseClass: NativeClass:/Script/Landscape.LandscapeStreamingProxy Name:LandscapeStreamingProxy_9JUR0JFLATO5D7KAT7QSOLM0W_124_2_3_0 Label:LandscapeStreamingProxy_2_3_0 SpatiallyLoaded:1 Bounds:IsValid=true, Min=(X=0.000 Y=12840.000 Z=108.594), Max=(X=12400.000 Y=25240.000 Z=3807.031) RuntimeGrid:None EditorOnly:0 RuntimeOnly:0 HLODRelevant:1
 |   |   |- Guid:B443692446D992CB2C3D7E867375FE81 BaseClass: NativeClass:/Script/Engine.StaticMeshActor Name:StaticMeshActor_UAID_181DEA3371E1839002_1342871617 Label:SM_Chair SpatiallyLoaded:1 Bounds:IsValid=true, Min=(X=1348.003 Y=-8990.468 Z=39.949), Max=(X=1430.304 Y=-8909.507 Z=155.381) RuntimeGrid:None EditorOnly:0 RuntimeOnly:0 HLODRelevant:1
 |   |   |- Guid:B6717FE04FB4168F2720B3B577A39B77 BaseClass: NativeClass:/Script/Landscape.LandscapeStreamingProxy Name:LandscapeStreamingProxy_9JUR0JFLATO5D7KAT7QSOLM0W_124_1_2_0 Label:LandscapeStreamingProxy_1_2_0 SpatiallyLoaded:1 Bounds:IsValid=true, Min=(X=-12400.000 Y=440.000 Z=-2510.156), Max=(X=0.000 Y=12840.000 Z=2207.812) RuntimeGrid:None EditorOnly:0 RuntimeOnly:0 HLODRelevant:1
 |   |   |- Guid:B785ED2844B84CFB91E7F39FE661CD99 BaseClass: NativeClass:/Script/Engine.DirectionalLight Name:DirectionalLight_0 Label:DirectionalLight SpatiallyLoaded:0 Bounds:IsValid=true, Min=(X=-1048576.000 Y=-1048576.000 Z=-1048576.000), Max=(X=1048576.000 Y=1048576.000 Z=1048576.000) RuntimeGrid:None EditorOnly:0 RuntimeOnly:0 HLODRelevant:0 FolderPath:Lighting FolderGuid:963EC3EB4002CCE9759E2EBA541A873A
 |   |   |- Guid:C34FC14E4CD92C2E391B9184E154C148 BaseClass: NativeClass:/Script/Landscape.LandscapeStreamingProxy Name:LandscapeStreamingProxy_9JUR0JFLATO5D7KAT7QSOLM0W_124_3_-2_0 Label:LandscapeStreamingProxy_3_-2_0 SpatiallyLoaded:1 Bounds:IsValid=true, Min=(X=12400.000 Y=-49160.000 Z=-674.219), Max=(X=24800.000 Y=-36760.000 Z=3989.062) RuntimeGrid:None EditorOnly:0 RuntimeOnly:0 HLODRelevant:1
 |   |   |- Guid:CCFF262C46EEFFDF319E7F9539CE697E BaseClass: NativeClass:/Script/Engine.SkyAtmosphere Name:SkyAtmosphere_0 Label:SkyAtmosphere SpatiallyLoaded:0 Bounds:IsValid=true, Min=(X=0.000 Y=0.000 Z=1020.000), Max=(X=0.000 Y=0.000 Z=1020.000) RuntimeGrid:None EditorOnly:0 RuntimeOnly:0 HLODRelevant:0 FolderPath:Lighting FolderGuid:963EC3EB4002CCE9759E2EBA541A873A
 |   |   |- Guid:D142E002437EA4708C5DBAAAB269026F BaseClass: NativeClass:/Script/Landscape.LandscapeStreamingProxy Name:LandscapeStreamingProxy_9JUR0JFLATO5D7KAT7QSOLM0W_124_2_-2_0 Label:LandscapeStreamingProxy_2_-2_0 SpatiallyLoaded:1 Bounds:IsValid=true, Min=(X=0.000 Y=-49160.000 Z=-887.500), Max=(X=12400.000 Y=-36760.000 Z=2801.562) RuntimeGrid:None EditorOnly:0 RuntimeOnly:0 HLODRelevant:1
 |   |   |- Guid:D19F86EE4E439E9DF050718677B2DB54 BaseClass: NativeClass:/Script/Landscape.LandscapeStreamingProxy Name:LandscapeStreamingProxy_9JUR0JFLATO5D7KAT7QSOLM0W_124_1_-1_0 Label:LandscapeStreamingProxy_1_-1_0 SpatiallyLoaded:1 Bounds:IsValid=true, Min=(X=-12400.000 Y=-36760.000 Z=0.000), Max=(X=0.000 Y=-24360.000 Z=12760.156) RuntimeGrid:None EditorOnly:0 RuntimeOnly:0 HLODRelevant:1
 |   |   |- Guid:D48221D34F4CBE85C104B8B311870320 BaseClass: NativeClass:/Script/Landscape.LandscapeStreamingProxy Name:LandscapeStreamingProxy_9JUR0JFLATO5D7KAT7QSOLM0W_124_5_-3_0 Label:LandscapeStreamingProxy_5_-3_0 SpatiallyLoaded:1 Bounds:IsValid=true, Min=(X=37200.000 Y=-61560.000 Z=100.000), Max=(X=37200.000 Y=-61560.000 Z=100.000) RuntimeGrid:None EditorOnly:0 RuntimeOnly:0 HLODRelevant:0
 |   |   |- Guid:D9C254F24EA24097601515AE4154611A BaseClass: NativeClass:/Script/Landscape.LandscapeStreamingProxy Name:LandscapeStreamingProxy_9JUR0JFLATO5D7KAT7QSOLM0W_124_3_-1_0 Label:LandscapeStreamingProxy_3_-1_0 SpatiallyLoaded:1 Bounds:IsValid=true, Min=(X=12400.000 Y=-36760.000 Z=-690.625), Max=(X=24800.000 Y=-24360.000 Z=2499.219) RuntimeGrid:None EditorOnly:0 RuntimeOnly:0 HLODRelevant:1
 |   |   |- Guid:EC4E0C944CE6AC6E784BC6BB2916EA13 BaseClass: NativeClass:/Script/Engine.StaticMeshActor Name:StaticMeshActor_UAID_A4AE111137DC5EFB00_1110535423 Label:SM_SkySphere SpatiallyLoaded:0 Bounds:IsValid=true, Min=(X=-1638400.000 Y=-1638400.000 Z=-1638400.000), Max=(X=1638400.000 Y=1638400.000 Z=1638400.000) RuntimeGrid:None EditorOnly:0 RuntimeOnly:0 HLODRelevant:1 FolderPath:Lighting FolderGuid:963EC3EB4002CCE9759E2EBA541A873A
 |   |   |- Guid:ED5D2D554F18E475C70AE4AE9AF9D615 BaseClass: NativeClass:/Script/Landscape.LandscapeStreamingProxy Name:LandscapeStreamingProxy_9JUR0JFLATO5D7KAT7QSOLM0W_124_2_-3_0 Label:LandscapeStreamingProxy_2_-3_0 SpatiallyLoaded:1 Bounds:IsValid=true, Min=(X=0.000 Y=-55360.000 Z=50.000), Max=(X=12400.000 Y=-49160.000 Z=3677.344) RuntimeGrid:None EditorOnly:0 RuntimeOnly:0 HLODRelevant:1
 |   |   |- Guid:F056E6004DA189E943C1B4A4BEA2DF9A BaseClass: NativeClass:/Script/Landscape.LandscapeStreamingProxy Name:LandscapeStreamingProxy_9JUR0JFLATO5D7KAT7QSOLM0W_124_-1_-2_0 Label:LandscapeStreamingProxy_-1_-2_0 SpatiallyLoaded:1 Bounds:IsValid=true, Min=(X=-37200.000 Y=-49160.000 Z=100.000), Max=(X=-37200.000 Y=-49160.000 Z=100.000) RuntimeGrid:None EditorOnly:0 RuntimeOnly:0 HLODRelevant:0
 |   |   |- Guid:F5E3FEB3450C49844FD93DA8E083C8AD BaseClass: NativeClass:/Script/Engine.PostProcessVolume Name:PostProcessVolume_0 Label:PostProcessVolume SpatiallyLoaded:0 Bounds:IsValid=true, Min=(X=0.000 Y=0.000 Z=400.000), Max=(X=200.000 Y=200.000 Z=600.000) RuntimeGrid:None EditorOnly:0 RuntimeOnly:0 HLODRelevant:0 FolderPath:Lighting FolderGuid:963EC3EB4002CCE9759E2EBA541A873A
 |   |   |- Guid:F6E0D0474E4F5DCB46A2929B25082F93 BaseClass: NativeClass:/Script/Engine.StaticMeshActor Name:StaticMeshActor_UAID_181DEA3371E1829002_1781314440 Label:Sphere SpatiallyLoaded:1 Bounds:IsValid=true, Min=(X=2200.000 Y=-8990.000 Z=60.000), Max=(X=2300.000 Y=-8890.000 Z=160.000) RuntimeGrid:None EditorOnly:0 RuntimeOnly:0 HLODRelevant:0
 |   |   |- Guid:F7FF3E67442F4031E3F27592DDC08DEB BaseClass: NativeClass:/Script/Landscape.LandscapeStreamingProxy Name:LandscapeStreamingProxy_9JUR0JFLATO5D7KAT7QSOLM0W_124_2_0_0 Label:LandscapeStreamingProxy_2_0_0 SpatiallyLoaded:1 Bounds:IsValid=true, Min=(X=0.000 Y=-24360.000 Z=-15.625), Max=(X=12400.000 Y=-11960.000 Z=12621.094) RuntimeGrid:None EditorOnly:0 RuntimeOnly:0 HLODRelevant:1
 |   |- [+] Clusters:
 |   |   |- [+] [  0]
 |   |   |   |- Guid:288F6B8B4C5CCC714D6D509F6BE6C066 BaseClass: NativeClass:/Script/Landscape.LandscapeStreamingProxy Name:LandscapeStreamingProxy_9JUR0JFLATO5D7KAT7QSOLM0W_124_0_3_0 Label:LandscapeStreamingProxy_0_3_0 SpatiallyLoaded:1 Bounds:IsValid=true, Min=(X=-24800.000 Y=12840.000 Z=321.094), Max=(X=-12400.000 Y=25240.000 Z=4959.375) RuntimeGrid:None EditorOnly:0 RuntimeOnly:0 HLODRelevant:1
 |   |   |- [+] [  1]
 |   |   |   |- Guid:6BAF4DDD444C60371492D3919DB42C97 BaseClass: NativeClass:/Script/Engine.WorldDataLayers Name:WorldDataLayers Label:WorldDataLayers SpatiallyLoaded:0 Bounds:IsValid=true, Min=(X=0.000 Y=0.000 Z=0.000), Max=(X=0.000 Y=0.000 Z=0.000) RuntimeGrid:None EditorOnly:0 RuntimeOnly:0 HLODRelevant:0
 |   |   |- [+] [  2]
 |   |   |   |- Guid:98A196C94567086248D260A91D1A7E93 BaseClass: NativeClass:/Script/Landscape.LandscapeStreamingProxy Name:LandscapeStreamingProxy_9JUR0JFLATO5D7KAT7QSOLM0W_124_0_1_0 Label:LandscapeStreamingProxy_0_1_0 SpatiallyLoaded:1 Bounds:IsValid=true, Min=(X=-24800.000 Y=-11960.000 Z=100.000), Max=(X=-12400.000 Y=440.000 Z=7108.594) RuntimeGrid:None EditorOnly:0 RuntimeOnly:0 HLODRelevant:1
 |   |   |- [+] [  3]
 |   |   |   |- Guid:18F099CE49022DD6A23C29BDDBC9EFB2 BaseClass: NativeClass:/Script/Landscape.LandscapeStreamingProxy Name:LandscapeStreamingProxy_9JUR0JFLATO5D7KAT7QSOLM0W_124_0_-2_0 Label:LandscapeStreamingProxy_0_-2_0 SpatiallyLoaded:1 Bounds:IsValid=true, Min=(X=-24800.000 Y=-49160.000 Z=100.000), Max=(X=-12400.000 Y=-36760.000 Z=3181.250) RuntimeGrid:None EditorOnly:0 RuntimeOnly:0 HLODRelevant:1
 |   |   |- [+] [  4]
 |   |   |   |- Guid:F5E3FEB3450C49844FD93DA8E083C8AD BaseClass: NativeClass:/Script/Engine.PostProcessVolume Name:PostProcessVolume_0 Label:PostProcessVolume SpatiallyLoaded:0 Bounds:IsValid=true, Min=(X=0.000 Y=0.000 Z=400.000), Max=(X=200.000 Y=200.000 Z=600.000) RuntimeGrid:None EditorOnly:0 RuntimeOnly:0 HLODRelevant:0 FolderPath:Lighting FolderGuid:963EC3EB4002CCE9759E2EBA541A873A
 |   |   |- [+] [  5]
 |   |   |   |- Guid:0A9E30E2474E126D9C37F7BC9BAEB934 BaseClass: NativeClass:/Script/Landscape.LandscapeStreamingProxy Name:LandscapeStreamingProxy_9JUR0JFLATO5D7KAT7QSOLM0W_124_-1_-1_0 Label:LandscapeStreamingProxy_-1_-1_0 SpatiallyLoaded:1 Bounds:IsValid=true, Min=(X=-37200.000 Y=-36760.000 Z=100.000), Max=(X=-37200.000 Y=-36760.000 Z=100.000) RuntimeGrid:None EditorOnly:0 RuntimeOnly:0 HLODRelevant:0
 |   |   |- [+] [  6]
 |   |   |   |- Guid:8B66080D451A775C3C476ABF62EC3414 BaseClass: NativeClass:/Script/Landscape.LandscapeStreamingProxy Name:LandscapeStreamingProxy_9JUR0JFLATO5D7KAT7QSOLM0W_124_3_-3_0 Label:LandscapeStreamingProxy_3_-3_0 SpatiallyLoaded:1 Bounds:IsValid=true, Min=(X=12400.000 Y=-55360.000 Z=85.156), Max=(X=24800.000 Y=-49160.000 Z=2037.500) RuntimeGrid:None EditorOnly:0 RuntimeOnly:0 HLODRelevant:1
 |   |   |- [+] [  7]
 |   |   |   |- Guid:44934CD74A412E8A55BD20B2E1DE7A58 BaseClass: NativeClass:/Script/Landscape.LandscapeStreamingProxy Name:LandscapeStreamingProxy_9JUR0JFLATO5D7KAT7QSOLM0W_124_3_2_0 Label:LandscapeStreamingProxy_3_2_0 SpatiallyLoaded:1 Bounds:IsValid=true, Min=(X=12400.000 Y=440.000 Z=-105.469), Max=(X=24800.000 Y=12840.000 Z=3270.312) RuntimeGrid:None EditorOnly:0 RuntimeOnly:0 HLODRelevant:1
 |   |   |- [+] [  8]
 |   |   |   |- Guid:4D3BE93F4146AAAC8BBE79999D96D57F BaseClass: NativeClass:/Script/Engine.VolumetricCloud Name:VolumetricCloud_0 Label:VolumetricCloud SpatiallyLoaded:0 Bounds:IsValid=true, Min=(X=0.000 Y=0.000 Z=820.000), Max=(X=0.000 Y=0.000 Z=820.000) RuntimeGrid:None EditorOnly:0 RuntimeOnly:0 HLODRelevant:0 FolderPath:Lighting FolderGuid:963EC3EB4002CCE9759E2EBA541A873A
 |   |   |- [+] [  9]
 |   |   |   |- Guid:85A554FF443DCA281BD2139C0323B9F9 BaseClass: NativeClass:/Script/Landscape.LandscapeStreamingProxy Name:LandscapeStreamingProxy_9JUR0JFLATO5D7KAT7QSOLM0W_124_1_-3_0 Label:LandscapeStreamingProxy_1_-3_0 SpatiallyLoaded:1 Bounds:IsValid=true, Min=(X=-12400.000 Y=-55360.000 Z=100.000), Max=(X=0.000 Y=-49160.000 Z=3807.031) RuntimeGrid:None EditorOnly:0 RuntimeOnly:0 HLODRelevant:1
 |   |   |- [+] [ 10]
 |   |   |   |- Guid:82B29C664F2ED0A9103EFFA67E406819 BaseClass: NativeClass:/Script/Landscape.Landscape Name:Landscape_UAID_D493902F39D4EE8D02_1405286280 Label:Landscape SpatiallyLoaded:0 Bounds:IsValid=true, Min=(X=-24800.000 Y=-24360.000 Z=100.000), Max=(X=-24800.000 Y=-24360.000 Z=100.000) RuntimeGrid:None EditorOnly:0 RuntimeOnly:0 HLODRelevant:0
 |   |   |- [+] [ 11]
 |   |   |   |- Guid:6BBF7BB34EC065D221CF2A91CCB6E996 BaseClass: NativeClass:/Script/Landscape.LandscapeStreamingProxy Name:LandscapeStreamingProxy_9JUR0JFLATO5D7KAT7QSOLM0W_124_2_1_0 Label:LandscapeStreamingProxy_2_1_0 SpatiallyLoaded:1 Bounds:IsValid=true, Min=(X=0.000 Y=-11960.000 Z=-1606.250), Max=(X=12400.000 Y=440.000 Z=10906.250) RuntimeGrid:None EditorOnly:0 RuntimeOnly:0 HLODRelevant:1
 |   |   |- [+] [ 12]
 |   |   |   |- Guid:CCFF262C46EEFFDF319E7F9539CE697E BaseClass: NativeClass:/Script/Engine.SkyAtmosphere Name:SkyAtmosphere_0 Label:SkyAtmosphere SpatiallyLoaded:0 Bounds:IsValid=true, Min=(X=0.000 Y=0.000 Z=1020.000), Max=(X=0.000 Y=0.000 Z=1020.000) RuntimeGrid:None EditorOnly:0 RuntimeOnly:0 HLODRelevant:0 FolderPath:Lighting FolderGuid:963EC3EB4002CCE9759E2EBA541A873A
 |   |   |- [+] [ 13]
 |   |   |   |- Guid:EC4E0C944CE6AC6E784BC6BB2916EA13 BaseClass: NativeClass:/Script/Engine.StaticMeshActor Name:StaticMeshActor_UAID_A4AE111137DC5EFB00_1110535423 Label:SM_SkySphere SpatiallyLoaded:0 Bounds:IsValid=true, Min=(X=-1638400.000 Y=-1638400.000 Z=-1638400.000), Max=(X=1638400.000 Y=1638400.000 Z=1638400.000) RuntimeGrid:None EditorOnly:0 RuntimeOnly:0 HLODRelevant:1 FolderPath:Lighting FolderGuid:963EC3EB4002CCE9759E2EBA541A873A
 |   |   |- [+] [ 14]
 |   |   |   |- Guid:7D58FAB642BFEFBDE4DF6EB09B4B8A86 BaseClass: NativeClass:/Script/Landscape.LandscapeStreamingProxy Name:LandscapeStreamingProxy_9JUR0JFLATO5D7KAT7QSOLM0W_124_3_3_0 Label:LandscapeStreamingProxy_3_3_0 SpatiallyLoaded:1 Bounds:IsValid=true, Min=(X=12400.000 Y=12840.000 Z=614.062), Max=(X=24800.000 Y=25240.000 Z=6557.812) RuntimeGrid:None EditorOnly:0 RuntimeOnly:0 HLODRelevant:1
 |   |   |- [+] [ 15]
 |   |   |   |- Guid:99B7E65F4CBAE102B24B9A9D57A5055E BaseClass: NativeClass:/Script/Landscape.LandscapeStreamingProxy Name:LandscapeStreamingProxy_9JUR0JFLATO5D7KAT7QSOLM0W_124_3_0_0 Label:LandscapeStreamingProxy_3_0_0 SpatiallyLoaded:1 Bounds:IsValid=true, Min=(X=12400.000 Y=-24360.000 Z=21.875), Max=(X=24800.000 Y=-11960.000 Z=9342.969) RuntimeGrid:None EditorOnly:0 RuntimeOnly:0 HLODRelevant:1
 |   |   |- [+] [ 16]
 |   |   |   |- Guid:0B9B730245BC9FA1A1AA129B0A4D6BD7 BaseClass: NativeClass:/Script/Landscape.LandscapeStreamingProxy Name:LandscapeStreamingProxy_9JUR0JFLATO5D7KAT7QSOLM0W_124_1_-2_0 Label:LandscapeStreamingProxy_1_-2_0 SpatiallyLoaded:1 Bounds:IsValid=true, Min=(X=-12400.000 Y=-49160.000 Z=0.000), Max=(X=0.000 Y=-36760.000 Z=3165.625) RuntimeGrid:None EditorOnly:0 RuntimeOnly:0 HLODRelevant:1
 |   |   |- [+] [ 17]
 |   |   |   |- Guid:646533DE45C8D473B1124C997F4D1C9A BaseClass: NativeClass:/Script/Landscape.LandscapeStreamingProxy Name:LandscapeStreamingProxy_9JUR0JFLATO5D7KAT7QSOLM0W_124_0_-3_0 Label:LandscapeStreamingProxy_0_-3_0 SpatiallyLoaded:1 Bounds:IsValid=true, Min=(X=-24800.000 Y=-55360.000 Z=100.000), Max=(X=-12400.000 Y=-49160.000 Z=3699.219) RuntimeGrid:None EditorOnly:0 RuntimeOnly:0 HLODRelevant:1
 |   |   |- [+] [ 18]
 |   |   |   |- Guid:D142E002437EA4708C5DBAAAB269026F BaseClass: NativeClass:/Script/Landscape.LandscapeStreamingProxy Name:LandscapeStreamingProxy_9JUR0JFLATO5D7KAT7QSOLM0W_124_2_-2_0 Label:LandscapeStreamingProxy_2_-2_0 SpatiallyLoaded:1 Bounds:IsValid=true, Min=(X=0.000 Y=-49160.000 Z=-887.500), Max=(X=12400.000 Y=-36760.000 Z=2801.562) RuntimeGrid:None EditorOnly:0 RuntimeOnly:0 HLODRelevant:1
 |   |   |- [+] [ 19]
 |   |   |   |- Guid:34B3E9754B4D491E7B9EBD8DADA3CD94 BaseClass: NativeClass:/Script/Landscape.LandscapeStreamingProxy Name:LandscapeStreamingProxy_9JUR0JFLATO5D7KAT7QSOLM0W_124_2_-1_0 Label:LandscapeStreamingProxy_2_-1_0 SpatiallyLoaded:1 Bounds:IsValid=true, Min=(X=0.000 Y=-36760.000 Z=-854.688), Max=(X=12400.000 Y=-24360.000 Z=10106.250) RuntimeGrid:None EditorOnly:0 RuntimeOnly:0 HLODRelevant:1
 |   |   |- [+] [ 20]
 |   |   |   |- Guid:B785ED2844B84CFB91E7F39FE661CD99 BaseClass: NativeClass:/Script/Engine.DirectionalLight Name:DirectionalLight_0 Label:DirectionalLight SpatiallyLoaded:0 Bounds:IsValid=true, Min=(X=-1048576.000 Y=-1048576.000 Z=-1048576.000), Max=(X=1048576.000 Y=1048576.000 Z=1048576.000) RuntimeGrid:None EditorOnly:0 RuntimeOnly:0 HLODRelevant:0 FolderPath:Lighting FolderGuid:963EC3EB4002CCE9759E2EBA541A873A
 |   |   |- [+] [ 21]
 |   |   |   |- Guid:ED5D2D554F18E475C70AE4AE9AF9D615 BaseClass: NativeClass:/Script/Landscape.LandscapeStreamingProxy Name:LandscapeStreamingProxy_9JUR0JFLATO5D7KAT7QSOLM0W_124_2_-3_0 Label:LandscapeStreamingProxy_2_-3_0 SpatiallyLoaded:1 Bounds:IsValid=true, Min=(X=0.000 Y=-55360.000 Z=50.000), Max=(X=12400.000 Y=-49160.000 Z=3677.344) RuntimeGrid:None EditorOnly:0 RuntimeOnly:0 HLODRelevant:1
 |   |   |- [+] [ 22]
 |   |   |   |- Guid:316CF2A6494ACA4C0E4180A87D36AB8F BaseClass: NativeClass:/Script/Engine.ExponentialHeightFog Name:ExponentialHeightFog_0 Label:ExponentialHeightFog SpatiallyLoaded:0 Bounds:IsValid=true, Min=(X=-5600.000 Y=-50.000 Z=-6850.000), Max=(X=-5600.000 Y=-50.000 Z=-6850.000) RuntimeGrid:None EditorOnly:0 RuntimeOnly:0 HLODRelevant:0 FolderPath:Lighting FolderGuid:963EC3EB4002CCE9759E2EBA541A873A
 |   |   |- [+] [ 23]
 |   |   |   |- Guid:414DB7174AFD619D414B2AA83931B746 BaseClass: NativeClass:/Script/Landscape.LandscapeStreamingProxy Name:LandscapeStreamingProxy_9JUR0JFLATO5D7KAT7QSOLM0W_124_0_2_0 Label:LandscapeStreamingProxy_0_2_0 SpatiallyLoaded:1 Bounds:IsValid=true, Min=(X=-24800.000 Y=440.000 Z=100.000), Max=(X=-12400.000 Y=12840.000 Z=4864.062) RuntimeGrid:None EditorOnly:0 RuntimeOnly:0 HLODRelevant:1
 |   |   |- [+] [ 24]
 |   |   |   |- Guid:2FB58999456391D349DC0F86DAC136ED BaseClass: NativeClass:/Script/Engine.SkyLight Name:SkyLight_1 Label:SkyLight SpatiallyLoaded:0 Bounds:IsValid=true, Min=(X=0.000 Y=0.000 Z=690.000), Max=(X=0.000 Y=0.000 Z=690.000) RuntimeGrid:None EditorOnly:0 RuntimeOnly:0 HLODRelevant:0 FolderPath:Lighting FolderGuid:963EC3EB4002CCE9759E2EBA541A873A
 |   |   |- [+] [ 25]
 |   |   |   |- Guid:6E10273940FAA1665FFF0F8DB8CBBEEC BaseClass: NativeClass:/Script/Landscape.LandscapeStreamingProxy Name:LandscapeStreamingProxy_9JUR0JFLATO5D7KAT7QSOLM0W_124_2_2_0 Label:LandscapeStreamingProxy_2_2_0 SpatiallyLoaded:1 Bounds:IsValid=true, Min=(X=0.000 Y=440.000 Z=-3671.875), Max=(X=12400.000 Y=12840.000 Z=2989.062) RuntimeGrid:None EditorOnly:0 RuntimeOnly:0 HLODRelevant:1
 |   |   |- [+] [ 26]
 |   |   |   |- Guid:D48221D34F4CBE85C104B8B311870320 BaseClass: NativeClass:/Script/Landscape.LandscapeStreamingProxy Name:LandscapeStreamingProxy_9JUR0JFLATO5D7KAT7QSOLM0W_124_5_-3_0 Label:LandscapeStreamingProxy_5_-3_0 SpatiallyLoaded:1 Bounds:IsValid=true, Min=(X=37200.000 Y=-61560.000 Z=100.000), Max=(X=37200.000 Y=-61560.000 Z=100.000) RuntimeGrid:None EditorOnly:0 RuntimeOnly:0 HLODRelevant:0
 |   |   |- [+] [ 27]
 |   |   |   |- Guid:9B1B05574FAB670284BBAD852F19D253 BaseClass: NativeClass:/Script/Landscape.LandscapeStreamingProxy Name:LandscapeStreamingProxy_9JUR0JFLATO5D7KAT7QSOLM0W_124_1_3_0 Label:LandscapeStreamingProxy_1_3_0 SpatiallyLoaded:1 Bounds:IsValid=true, Min=(X=-12400.000 Y=12840.000 Z=100.000), Max=(X=0.000 Y=25240.000 Z=4662.500) RuntimeGrid:None EditorOnly:0 RuntimeOnly:0 HLODRelevant:1
 |   |   |- [+] [ 28]
 |   |   |   |- Guid:4FEFA05041E0A73A16CD8599CDC795FE BaseClass: NativeClass:/Script/Landscape.LandscapeStreamingProxy Name:LandscapeStreamingProxy_9JUR0JFLATO5D7KAT7QSOLM0W_124_1_1_0 Label:LandscapeStreamingProxy_1_1_0 SpatiallyLoaded:1 Bounds:IsValid=true, Min=(X=-12400.000 Y=-11960.000 Z=-812.500), Max=(X=0.000 Y=440.000 Z=11154.688) RuntimeGrid:None EditorOnly:0 RuntimeOnly:0 HLODRelevant:1
 |   |   |- [+] [ 29]
 |   |   |   |- Guid:1855DF16422978AFCA753C8200C32370 BaseClass: NativeClass:/Script/Landscape.LandscapeStreamingProxy Name:LandscapeStreamingProxy_9JUR0JFLATO5D7KAT7QSOLM0W_124_0_-1_0 Label:LandscapeStreamingProxy_0_-1_0 SpatiallyLoaded:1 Bounds:IsValid=true, Min=(X=-24800.000 Y=-36760.000 Z=100.000), Max=(X=-12400.000 Y=-24360.000 Z=7990.625) RuntimeGrid:None EditorOnly:0 RuntimeOnly:0 HLODRelevant:1
 |   |   |- [+] [ 30]
 |   |   |   |- Guid:780872E44BF54375F34DE6B80F0F66D5 BaseClass: NativeClass:/Script/Landscape.LandscapeStreamingProxy Name:LandscapeStreamingProxy_9JUR0JFLATO5D7KAT7QSOLM0W_124_0_0_0 Label:LandscapeStreamingProxy_0_0_0 SpatiallyLoaded:1 Bounds:IsValid=true, Min=(X=-24800.000 Y=-24360.000 Z=103.125), Max=(X=-12400.000 Y=-11960.000 Z=10508.594) RuntimeGrid:None EditorOnly:0 RuntimeOnly:0 HLODRelevant:1
 |   |   |- [+] [ 31]
 |   |   |   |- Guid:F7FF3E67442F4031E3F27592DDC08DEB BaseClass: NativeClass:/Script/Landscape.LandscapeStreamingProxy Name:LandscapeStreamingProxy_9JUR0JFLATO5D7KAT7QSOLM0W_124_2_0_0 Label:LandscapeStreamingProxy_2_0_0 SpatiallyLoaded:1 Bounds:IsValid=true, Min=(X=0.000 Y=-24360.000 Z=-15.625), Max=(X=12400.000 Y=-11960.000 Z=12621.094) RuntimeGrid:None EditorOnly:0 RuntimeOnly:0 HLODRelevant:1
 |   |   |- [+] [ 32]
 |   |   |   |- Guid:D19F86EE4E439E9DF050718677B2DB54 BaseClass: NativeClass:/Script/Landscape.LandscapeStreamingProxy Name:LandscapeStreamingProxy_9JUR0JFLATO5D7KAT7QSOLM0W_124_1_-1_0 Label:LandscapeStreamingProxy_1_-1_0 SpatiallyLoaded:1 Bounds:IsValid=true, Min=(X=-12400.000 Y=-36760.000 Z=0.000), Max=(X=0.000 Y=-24360.000 Z=12760.156) RuntimeGrid:None EditorOnly:0 RuntimeOnly:0 HLODRelevant:1
 |   |   |- [+] [ 33]
 |   |   |   |- Guid:D9C254F24EA24097601515AE4154611A BaseClass: NativeClass:/Script/Landscape.LandscapeStreamingProxy Name:LandscapeStreamingProxy_9JUR0JFLATO5D7KAT7QSOLM0W_124_3_-1_0 Label:LandscapeStreamingProxy_3_-1_0 SpatiallyLoaded:1 Bounds:IsValid=true, Min=(X=12400.000 Y=-36760.000 Z=-690.625), Max=(X=24800.000 Y=-24360.000 Z=2499.219) RuntimeGrid:None EditorOnly:0 RuntimeOnly:0 HLODRelevant:1
 |   |   |- [+] [ 34]
 |   |   |   |- Guid:5C95B0494FBEEF423B29399F6CC0024E BaseClass: NativeClass:/Script/Landscape.LandscapeStreamingProxy Name:LandscapeStreamingProxy_9JUR0JFLATO5D7KAT7QSOLM0W_124_4_-3_0 Label:LandscapeStreamingProxy_4_-3_0 SpatiallyLoaded:1 Bounds:IsValid=true, Min=(X=24800.000 Y=-61560.000 Z=100.000), Max=(X=24800.000 Y=-61560.000 Z=100.000) RuntimeGrid:None EditorOnly:0 RuntimeOnly:0 HLODRelevant:0
 |   |   |- [+] [ 35]
 |   |   |   |- Guid:A29176A34B9E919861D3418B883CCD93 BaseClass: NativeClass:/Script/Landscape.LandscapeStreamingProxy Name:LandscapeStreamingProxy_9JUR0JFLATO5D7KAT7QSOLM0W_124_1_0_0 Label:LandscapeStreamingProxy_1_0_0 SpatiallyLoaded:1 Bounds:IsValid=true, Min=(X=-12400.000 Y=-24360.000 Z=28.906), Max=(X=0.000 Y=-11960.000 Z=12760.156) RuntimeGrid:None EditorOnly:0 RuntimeOnly:0 HLODRelevant:1
 |   |   |- [+] [ 36]
 |   |   |   |- Guid:A48629D44FCD7B803CA0B08126B8CF55 BaseClass: NativeClass:/Script/Landscape.LandscapeStreamingProxy Name:LandscapeStreamingProxy_9JUR0JFLATO5D7KAT7QSOLM0W_124_2_3_0 Label:LandscapeStreamingProxy_2_3_0 SpatiallyLoaded:1 Bounds:IsValid=true, Min=(X=0.000 Y=12840.000 Z=108.594), Max=(X=12400.000 Y=25240.000 Z=3807.031) RuntimeGrid:None EditorOnly:0 RuntimeOnly:0 HLODRelevant:1
 |   |   |- [+] [ 37]
 |   |   |   |- Guid:0D149B454162964F1A311ABE892240AC BaseClass: NativeClass:/Script/Landscape.LandscapeStreamingProxy Name:LandscapeStreamingProxy_9JUR0JFLATO5D7KAT7QSOLM0W_124_3_1_0 Label:LandscapeStreamingProxy_3_1_0 SpatiallyLoaded:1 Bounds:IsValid=true, Min=(X=12400.000 Y=-11960.000 Z=23.438), Max=(X=24800.000 Y=440.000 Z=6189.844) RuntimeGrid:None EditorOnly:0 RuntimeOnly:0 HLODRelevant:1
 |   |   |- [+] [ 38]
 |   |   |   |- Guid:B6717FE04FB4168F2720B3B577A39B77 BaseClass: NativeClass:/Script/Landscape.LandscapeStreamingProxy Name:LandscapeStreamingProxy_9JUR0JFLATO5D7KAT7QSOLM0W_124_1_2_0 Label:LandscapeStreamingProxy_1_2_0 SpatiallyLoaded:1 Bounds:IsValid=true, Min=(X=-12400.000 Y=440.000 Z=-2510.156), Max=(X=0.000 Y=12840.000 Z=2207.812) RuntimeGrid:None EditorOnly:0 RuntimeOnly:0 HLODRelevant:1
 |   |   |- [+] [ 39]
 |   |   |   |- Guid:3A00AA1C422CE54C0BDB60BAF471BFBB BaseClass: NativeClass:/Script/Engine.PlayerStart Name:PlayerStart_0 Label:PlayerStart SpatiallyLoaded:0 Bounds:IsValid=true, Min=(X=860.000 Y=-8740.000 Z=760.013), Max=(X=940.000 Y=-8660.000 Z=944.013) RuntimeGrid:None EditorOnly:0 RuntimeOnly:0 HLODRelevant:0
 |   |   |- [+] [ 40]
 |   |   |   |- Guid:F056E6004DA189E943C1B4A4BEA2DF9A BaseClass: NativeClass:/Script/Landscape.LandscapeStreamingProxy Name:LandscapeStreamingProxy_9JUR0JFLATO5D7KAT7QSOLM0W_124_-1_-2_0 Label:LandscapeStreamingProxy_-1_-2_0 SpatiallyLoaded:1 Bounds:IsValid=true, Min=(X=-37200.000 Y=-49160.000 Z=100.000), Max=(X=-37200.000 Y=-49160.000 Z=100.000) RuntimeGrid:None EditorOnly:0 RuntimeOnly:0 HLODRelevant:0
 |   |   |- [+] [ 41]
 |   |   |   |- Guid:C34FC14E4CD92C2E391B9184E154C148 BaseClass: NativeClass:/Script/Landscape.LandscapeStreamingProxy Name:LandscapeStreamingProxy_9JUR0JFLATO5D7KAT7QSOLM0W_124_3_-2_0 Label:LandscapeStreamingProxy_3_-2_0 SpatiallyLoaded:1 Bounds:IsValid=true, Min=(X=12400.000 Y=-49160.000 Z=-674.219), Max=(X=24800.000 Y=-36760.000 Z=3989.062) RuntimeGrid:None EditorOnly:0 RuntimeOnly:0 HLODRelevant:1
 |   |   |- [+] [ 42]
 |   |   |   |- Guid:6D7994E444FA50BB39366682542B6D75 BaseClass: NativeClass:/Script/Engine.StaticMeshActor Name:StaticMeshActor_UAID_181DEA3371E1829002_1491444439 Label:Cube SpatiallyLoaded:1 Bounds:IsValid=true, Min=(X=1700.000 Y=-8900.000 Z=150.000), Max=(X=1800.000 Y=-8800.000 Z=250.000) RuntimeGrid:None EditorOnly:0 RuntimeOnly:0 HLODRelevant:0
 |   |   |- [+] [ 43]
 |   |   |   |- Guid:F6E0D0474E4F5DCB46A2929B25082F93 BaseClass: NativeClass:/Script/Engine.StaticMeshActor Name:StaticMeshActor_UAID_181DEA3371E1829002_1781314440 Label:Sphere SpatiallyLoaded:1 Bounds:IsValid=true, Min=(X=2200.000 Y=-8990.000 Z=60.000), Max=(X=2300.000 Y=-8890.000 Z=160.000) RuntimeGrid:None EditorOnly:0 RuntimeOnly:0 HLODRelevant:0
 |   |   |- [+] [ 44]
 |   |   |   |- Guid:B443692446D992CB2C3D7E867375FE81 BaseClass: NativeClass:/Script/Engine.StaticMeshActor Name:StaticMeshActor_UAID_181DEA3371E1839002_1342871617 Label:SM_Chair SpatiallyLoaded:1 Bounds:IsValid=true, Min=(X=1348.003 Y=-8990.468 Z=39.949), Max=(X=1430.304 Y=-8909.507 Z=155.381) RuntimeGrid:None EditorOnly:0 RuntimeOnly:0 HLODRelevant:1
 |- ContainerInstances:
 |- [+] MainContainer:
 |   |-        ID: 0x0000000000000000
 |   |-    Bounds: IsValid=false, Min=(X=0.000 Y=0.000 Z=0.000), Max=(X=0.000 Y=0.000 Z=0.000)
 |   |- Transform: 0.000000,0.000000,0.000000|0.000000,0.000000,-0.000000|1.000000,1.000000,1.000000
 |   |- Container: /Game/ThirdPerson/Maps/ThirdPersonMap
----------------------------------------------------------------------------------------------------------------
ThirdPersonMap - Persistent Level
----------------------------------------------------------------------------------------------------------------
Always loaded Actor Count: 52 

----------------------------------------------------------------------------------------------------------------
ThirdPersonMap - Runtime Spatial Hash - Streaming Grid - MainGrid
----------------------------------------------------------------------------------------------------------------
            Origin: X=0.000 Y=0.000 Z=0.000
         Cell Size: 12800
      World Bounds: IsValid=false, Min=(X=0.000 Y=0.000 Z=0.000), Max=(X=0.000 Y=0.000 Z=0.000)
     Loading Range: 25600.00
Block Slow Loading: No
 ClientOnlyVisible: No

[+] Grid Levels: 1
 |- Level  0: Cell Count    0 | Cell Size   12800 | Actor Count    0 (0.0%)

[+] Content of Grid Level 0

